

================================================================
== Vitis HLS Report for 'sr_fft_Pipeline_VITIS_LOOP_322_1'
================================================================
* Date:           Sun Aug 31 16:41:43 2025

* Version:        2022.2 (Build 3670227 on Oct 13 2022)
* Project:        radixfft
* Solution:       solution1 (Vivado IP Flow Target)
* Product family: zynq
* Target device:  xc7z020-clg400-1


================================================================
== Performance Estimates
================================================================
+ Timing: 
    * Summary: 
    +--------+----------+----------+------------+
    |  Clock |  Target  | Estimated| Uncertainty|
    +--------+----------+----------+------------+
    |ap_clk  |  10.00 ns|  6.948 ns|     2.70 ns|
    +--------+----------+----------+------------+

+ Latency: 
    * Summary: 
    +---------+---------+----------+----------+-----+-----+---------+
    |  Latency (cycles) |  Latency (absolute) |  Interval | Pipeline|
    |   min   |   max   |    min   |    max   | min | max |   Type  |
    +---------+---------+----------+----------+-----+-----+---------+
    |      130|      130|  1.300 us|  1.300 us|  130|  130|       no|
    +---------+---------+----------+----------+-----+-----+---------+

    + Detail: 
        * Instance: 
        N/A

        * Loop: 
        +--------------------+---------+---------+----------+-----------+-----------+------+----------+
        |                    |  Latency (cycles) | Iteration|  Initiation Interval  | Trip |          |
        |      Loop Name     |   min   |   max   |  Latency |  achieved |   target  | Count| Pipelined|
        +--------------------+---------+---------+----------+-----------+-----------+------+----------+
        |- VITIS_LOOP_322_1  |      128|      128|         2|          2|          2|    64|       yes|
        +--------------------+---------+---------+----------+-----------+-----------+------+----------+

============================================================
+ Verbose Summary: Synthesis Manager
============================================================
InlineROM: 1
ExposeGlobal: 0
============================================================
+ Verbose Summary: CDFG Model
============================================================
IsTopModel: 0
ResetActiveHigh: 1
IsCombinational: 0
IsDatapathOnly: 0
HasWiredReturn: 1
HasMFsm: 2
HasVarLatency: 1
IsPipeline: 0
IsRtlPipelined: 0
IsInstanceOverlapped: 0
IsDontTouch: 0
HasImplIP: 0
IsGatedGlobalClock: 0

+ Individual pipeline summary: 
  * Pipeline-0: initiation interval (II) = 2, depth = 2


============================================================
+ Verbose Summary: Schedule
============================================================
* Number of FSM states : 2
* Pipeline : 1
  Pipeline-0 : II = 2, D = 2, States = { 1 2 }
* Dataflow Pipeline: 0

* FSM state transitions: 
1 --> 2 
2 --> 

* FSM state operations: 

State 1 <SV = 0> <Delay = 2.32>
ST_1 : Operation 5 [1/1] (0.00ns)   --->   "%i = alloca i32 1"   --->   Operation 5 'alloca' 'i' <Predicate = true> <Delay = 0.00>
ST_1 : Operation 6 [1/1] (0.00ns)   --->   "%specmemcore_ln0 = specmemcore void @_ssdm_op_SpecMemCore, i64 %input_7, i64 666, i64 207, i64 1"   --->   Operation 6 'specmemcore' 'specmemcore_ln0' <Predicate = true> <Delay = 0.00>
ST_1 : Operation 7 [1/1] (0.00ns)   --->   "%specmemcore_ln0 = specmemcore void @_ssdm_op_SpecMemCore, i64 %input_6, i64 666, i64 207, i64 1"   --->   Operation 7 'specmemcore' 'specmemcore_ln0' <Predicate = true> <Delay = 0.00>
ST_1 : Operation 8 [1/1] (0.00ns)   --->   "%specmemcore_ln0 = specmemcore void @_ssdm_op_SpecMemCore, i64 %input_5, i64 666, i64 207, i64 1"   --->   Operation 8 'specmemcore' 'specmemcore_ln0' <Predicate = true> <Delay = 0.00>
ST_1 : Operation 9 [1/1] (0.00ns)   --->   "%specmemcore_ln0 = specmemcore void @_ssdm_op_SpecMemCore, i64 %input_4, i64 666, i64 207, i64 1"   --->   Operation 9 'specmemcore' 'specmemcore_ln0' <Predicate = true> <Delay = 0.00>
ST_1 : Operation 10 [1/1] (0.00ns)   --->   "%specmemcore_ln0 = specmemcore void @_ssdm_op_SpecMemCore, i64 %input_3, i64 666, i64 207, i64 1"   --->   Operation 10 'specmemcore' 'specmemcore_ln0' <Predicate = true> <Delay = 0.00>
ST_1 : Operation 11 [1/1] (0.00ns)   --->   "%specmemcore_ln0 = specmemcore void @_ssdm_op_SpecMemCore, i64 %input_2, i64 666, i64 207, i64 1"   --->   Operation 11 'specmemcore' 'specmemcore_ln0' <Predicate = true> <Delay = 0.00>
ST_1 : Operation 12 [1/1] (0.00ns)   --->   "%specmemcore_ln0 = specmemcore void @_ssdm_op_SpecMemCore, i64 %input_1, i64 666, i64 207, i64 1"   --->   Operation 12 'specmemcore' 'specmemcore_ln0' <Predicate = true> <Delay = 0.00>
ST_1 : Operation 13 [1/1] (0.00ns)   --->   "%specmemcore_ln0 = specmemcore void @_ssdm_op_SpecMemCore, i64 %input_0, i64 666, i64 207, i64 1"   --->   Operation 13 'specmemcore' 'specmemcore_ln0' <Predicate = true> <Delay = 0.00>
ST_1 : Operation 14 [1/1] (0.00ns)   --->   "%specinterface_ln0 = specinterface void @_ssdm_op_SpecInterface, i64 %input_7, void @empty_2, i32 0, i32 0, void @empty, i32 1, i32 0, void @empty, void @empty, void @empty, i32 0, i32 0, i32 0, i32 0, void @empty, void @empty, i32 4294967295, i32 0"   --->   Operation 14 'specinterface' 'specinterface_ln0' <Predicate = true> <Delay = 0.00>
ST_1 : Operation 15 [1/1] (0.00ns)   --->   "%specinterface_ln0 = specinterface void @_ssdm_op_SpecInterface, i64 %input_6, void @empty_2, i32 0, i32 0, void @empty, i32 1, i32 0, void @empty, void @empty, void @empty, i32 0, i32 0, i32 0, i32 0, void @empty, void @empty, i32 4294967295, i32 0"   --->   Operation 15 'specinterface' 'specinterface_ln0' <Predicate = true> <Delay = 0.00>
ST_1 : Operation 16 [1/1] (0.00ns)   --->   "%specinterface_ln0 = specinterface void @_ssdm_op_SpecInterface, i64 %input_5, void @empty_2, i32 0, i32 0, void @empty, i32 1, i32 0, void @empty, void @empty, void @empty, i32 0, i32 0, i32 0, i32 0, void @empty, void @empty, i32 4294967295, i32 0"   --->   Operation 16 'specinterface' 'specinterface_ln0' <Predicate = true> <Delay = 0.00>
ST_1 : Operation 17 [1/1] (0.00ns)   --->   "%specinterface_ln0 = specinterface void @_ssdm_op_SpecInterface, i64 %input_4, void @empty_2, i32 0, i32 0, void @empty, i32 1, i32 0, void @empty, void @empty, void @empty, i32 0, i32 0, i32 0, i32 0, void @empty, void @empty, i32 4294967295, i32 0"   --->   Operation 17 'specinterface' 'specinterface_ln0' <Predicate = true> <Delay = 0.00>
ST_1 : Operation 18 [1/1] (0.00ns)   --->   "%specinterface_ln0 = specinterface void @_ssdm_op_SpecInterface, i64 %input_3, void @empty_2, i32 0, i32 0, void @empty, i32 1, i32 0, void @empty, void @empty, void @empty, i32 0, i32 0, i32 0, i32 0, void @empty, void @empty, i32 4294967295, i32 0"   --->   Operation 18 'specinterface' 'specinterface_ln0' <Predicate = true> <Delay = 0.00>
ST_1 : Operation 19 [1/1] (0.00ns)   --->   "%specinterface_ln0 = specinterface void @_ssdm_op_SpecInterface, i64 %input_2, void @empty_2, i32 0, i32 0, void @empty, i32 1, i32 0, void @empty, void @empty, void @empty, i32 0, i32 0, i32 0, i32 0, void @empty, void @empty, i32 4294967295, i32 0"   --->   Operation 19 'specinterface' 'specinterface_ln0' <Predicate = true> <Delay = 0.00>
ST_1 : Operation 20 [1/1] (0.00ns)   --->   "%specinterface_ln0 = specinterface void @_ssdm_op_SpecInterface, i64 %input_1, void @empty_2, i32 0, i32 0, void @empty, i32 1, i32 0, void @empty, void @empty, void @empty, i32 0, i32 0, i32 0, i32 0, void @empty, void @empty, i32 4294967295, i32 0"   --->   Operation 20 'specinterface' 'specinterface_ln0' <Predicate = true> <Delay = 0.00>
ST_1 : Operation 21 [1/1] (0.00ns)   --->   "%specinterface_ln0 = specinterface void @_ssdm_op_SpecInterface, i64 %input_0, void @empty_2, i32 0, i32 0, void @empty, i32 1, i32 0, void @empty, void @empty, void @empty, i32 0, i32 0, i32 0, i32 0, void @empty, void @empty, i32 4294967295, i32 0"   --->   Operation 21 'specinterface' 'specinterface_ln0' <Predicate = true> <Delay = 0.00>
ST_1 : Operation 22 [1/1] (1.58ns)   --->   "%store_ln0 = store i7 0, i7 %i"   --->   Operation 22 'store' 'store_ln0' <Predicate = true> <Delay = 1.58>
ST_1 : Operation 23 [1/1] (0.00ns)   --->   "%br_ln0 = br void %for.inc"   --->   Operation 23 'br' 'br_ln0' <Predicate = true> <Delay = 0.00>
ST_1 : Operation 24 [1/1] (0.00ns)   --->   "%i_2 = load i7 %i" [radixfft/core.cpp:322]   --->   Operation 24 'load' 'i_2' <Predicate = true> <Delay = 0.00>
ST_1 : Operation 25 [1/1] (1.48ns)   --->   "%icmp_ln322 = icmp_eq  i7 %i_2, i7 64" [radixfft/core.cpp:322]   --->   Operation 25 'icmp' 'icmp_ln322' <Predicate = true> <Delay = 1.48> <CoreInst = "Cmp">   --->   Core 9 'Cmp' <Latency = 0> <II = 1> <Delay = 1.48> <FuncUnit> <Opcode : 'icmp'> <InPorts = 2> <OutPorts = 1>
ST_1 : Operation 26 [1/1] (0.00ns)   --->   "%empty = speclooptripcount i32 @_ssdm_op_SpecLoopTripCount, i64 64, i64 64, i64 64"   --->   Operation 26 'speclooptripcount' 'empty' <Predicate = true> <Delay = 0.00>
ST_1 : Operation 27 [1/1] (1.87ns)   --->   "%add_ln322 = add i7 %i_2, i7 1" [radixfft/core.cpp:322]   --->   Operation 27 'add' 'add_ln322' <Predicate = true> <Delay = 1.87> <CoreInst = "Adder">   --->   Core 1 'Adder' <Latency = 0> <II = 1> <Delay = 1.87> <FuncUnit> <Opcode : 'add' 'sub'> <InPorts = 2> <OutPorts = 1>
ST_1 : Operation 28 [1/1] (0.00ns)   --->   "%br_ln322 = br i1 %icmp_ln322, void %for.inc.split, void %for.end.exitStub" [radixfft/core.cpp:322]   --->   Operation 28 'br' 'br_ln322' <Predicate = true> <Delay = 0.00>
ST_1 : Operation 29 [1/1] (0.00ns)   --->   "%trunc_ln322 = trunc i7 %i_2" [radixfft/core.cpp:322]   --->   Operation 29 'trunc' 'trunc_ln322' <Predicate = (!icmp_ln322)> <Delay = 0.00>
ST_1 : Operation 30 [1/1] (0.00ns)   --->   "%zext_ln324 = zext i3 %trunc_ln322" [radixfft/core.cpp:324]   --->   Operation 30 'zext' 'zext_ln324' <Predicate = (!icmp_ln322)> <Delay = 0.00>
ST_1 : Operation 31 [1/1] (0.00ns)   --->   "%x_real_V_addr = getelementptr i32 %x_real_V, i64 0, i64 %zext_ln324" [radixfft/core.cpp:324]   --->   Operation 31 'getelementptr' 'x_real_V_addr' <Predicate = (!icmp_ln322)> <Delay = 0.00>
ST_1 : Operation 32 [1/1] (0.00ns)   --->   "%x_real_V_1_addr = getelementptr i32 %x_real_V_1, i64 0, i64 %zext_ln324" [radixfft/core.cpp:324]   --->   Operation 32 'getelementptr' 'x_real_V_1_addr' <Predicate = (!icmp_ln322)> <Delay = 0.00>
ST_1 : Operation 33 [1/1] (0.00ns)   --->   "%x_real_V_2_addr = getelementptr i32 %x_real_V_2, i64 0, i64 %zext_ln324" [radixfft/core.cpp:324]   --->   Operation 33 'getelementptr' 'x_real_V_2_addr' <Predicate = (!icmp_ln322)> <Delay = 0.00>
ST_1 : Operation 34 [1/1] (0.00ns)   --->   "%x_real_V_3_addr = getelementptr i32 %x_real_V_3, i64 0, i64 %zext_ln324" [radixfft/core.cpp:324]   --->   Operation 34 'getelementptr' 'x_real_V_3_addr' <Predicate = (!icmp_ln322)> <Delay = 0.00>
ST_1 : Operation 35 [1/1] (0.00ns)   --->   "%x_real_V_4_addr = getelementptr i32 %x_real_V_4, i64 0, i64 %zext_ln324" [radixfft/core.cpp:324]   --->   Operation 35 'getelementptr' 'x_real_V_4_addr' <Predicate = (!icmp_ln322)> <Delay = 0.00>
ST_1 : Operation 36 [1/1] (0.00ns)   --->   "%x_real_V_5_addr = getelementptr i32 %x_real_V_5, i64 0, i64 %zext_ln324" [radixfft/core.cpp:324]   --->   Operation 36 'getelementptr' 'x_real_V_5_addr' <Predicate = (!icmp_ln322)> <Delay = 0.00>
ST_1 : Operation 37 [1/1] (0.00ns)   --->   "%x_real_V_6_addr = getelementptr i32 %x_real_V_6, i64 0, i64 %zext_ln324" [radixfft/core.cpp:324]   --->   Operation 37 'getelementptr' 'x_real_V_6_addr' <Predicate = (!icmp_ln322)> <Delay = 0.00>
ST_1 : Operation 38 [1/1] (0.00ns)   --->   "%x_real_V_7_addr = getelementptr i32 %x_real_V_7, i64 0, i64 %zext_ln324" [radixfft/core.cpp:324]   --->   Operation 38 'getelementptr' 'x_real_V_7_addr' <Predicate = (!icmp_ln322)> <Delay = 0.00>
ST_1 : Operation 39 [1/1] (0.00ns)   --->   "%x_imag_V_addr = getelementptr i32 %x_imag_V, i64 0, i64 %zext_ln324" [radixfft/core.cpp:324]   --->   Operation 39 'getelementptr' 'x_imag_V_addr' <Predicate = (!icmp_ln322)> <Delay = 0.00>
ST_1 : Operation 40 [1/1] (0.00ns)   --->   "%x_imag_V_1_addr = getelementptr i32 %x_imag_V_1, i64 0, i64 %zext_ln324" [radixfft/core.cpp:324]   --->   Operation 40 'getelementptr' 'x_imag_V_1_addr' <Predicate = (!icmp_ln322)> <Delay = 0.00>
ST_1 : Operation 41 [1/1] (0.00ns)   --->   "%x_imag_V_2_addr = getelementptr i32 %x_imag_V_2, i64 0, i64 %zext_ln324" [radixfft/core.cpp:324]   --->   Operation 41 'getelementptr' 'x_imag_V_2_addr' <Predicate = (!icmp_ln322)> <Delay = 0.00>
ST_1 : Operation 42 [1/1] (0.00ns)   --->   "%x_imag_V_3_addr = getelementptr i32 %x_imag_V_3, i64 0, i64 %zext_ln324" [radixfft/core.cpp:324]   --->   Operation 42 'getelementptr' 'x_imag_V_3_addr' <Predicate = (!icmp_ln322)> <Delay = 0.00>
ST_1 : Operation 43 [1/1] (0.00ns)   --->   "%x_imag_V_4_addr = getelementptr i32 %x_imag_V_4, i64 0, i64 %zext_ln324" [radixfft/core.cpp:324]   --->   Operation 43 'getelementptr' 'x_imag_V_4_addr' <Predicate = (!icmp_ln322)> <Delay = 0.00>
ST_1 : Operation 44 [1/1] (0.00ns)   --->   "%x_imag_V_5_addr = getelementptr i32 %x_imag_V_5, i64 0, i64 %zext_ln324" [radixfft/core.cpp:324]   --->   Operation 44 'getelementptr' 'x_imag_V_5_addr' <Predicate = (!icmp_ln322)> <Delay = 0.00>
ST_1 : Operation 45 [1/1] (0.00ns)   --->   "%x_imag_V_6_addr = getelementptr i32 %x_imag_V_6, i64 0, i64 %zext_ln324" [radixfft/core.cpp:324]   --->   Operation 45 'getelementptr' 'x_imag_V_6_addr' <Predicate = (!icmp_ln322)> <Delay = 0.00>
ST_1 : Operation 46 [1/1] (0.00ns)   --->   "%x_imag_V_7_addr = getelementptr i32 %x_imag_V_7, i64 0, i64 %zext_ln324" [radixfft/core.cpp:324]   --->   Operation 46 'getelementptr' 'x_imag_V_7_addr' <Predicate = (!icmp_ln322)> <Delay = 0.00>
ST_1 : Operation 47 [1/1] (0.00ns)   --->   "%trunc_ln1 = partselect i3 @_ssdm_op_PartSelect.i3.i7.i32.i32, i7 %i_2, i32 3, i32 5" [radixfft/core.cpp:324]   --->   Operation 47 'partselect' 'trunc_ln1' <Predicate = (!icmp_ln322)> <Delay = 0.00>
ST_1 : Operation 48 [1/1] (0.00ns)   --->   "%input_0_addr = getelementptr i64 %input_0, i64 0, i64 %zext_ln324" [radixfft/core.cpp:324]   --->   Operation 48 'getelementptr' 'input_0_addr' <Predicate = (!icmp_ln322)> <Delay = 0.00>
ST_1 : Operation 49 [2/2] (2.32ns)   --->   "%input_0_load = load i3 %input_0_addr" [radixfft/core.cpp:324]   --->   Operation 49 'load' 'input_0_load' <Predicate = (!icmp_ln322)> <Delay = 2.32> <CoreInst = "RAM_1P">   --->   Core 86 'RAM_1P' <Latency = 1> <II = 1> <Delay = 2.32> <Storage> <Opcode : 'load' 'store'> <Ports = 1> <Width = 64> <Depth = 8> <RAM>
ST_1 : Operation 50 [1/1] (0.00ns)   --->   "%input_1_addr = getelementptr i64 %input_1, i64 0, i64 %zext_ln324" [radixfft/core.cpp:324]   --->   Operation 50 'getelementptr' 'input_1_addr' <Predicate = (!icmp_ln322)> <Delay = 0.00>
ST_1 : Operation 51 [2/2] (2.32ns)   --->   "%input_1_load = load i3 %input_1_addr" [radixfft/core.cpp:324]   --->   Operation 51 'load' 'input_1_load' <Predicate = (!icmp_ln322)> <Delay = 2.32> <CoreInst = "RAM_1P">   --->   Core 86 'RAM_1P' <Latency = 1> <II = 1> <Delay = 2.32> <Storage> <Opcode : 'load' 'store'> <Ports = 1> <Width = 64> <Depth = 8> <RAM>
ST_1 : Operation 52 [1/1] (0.00ns)   --->   "%input_2_addr = getelementptr i64 %input_2, i64 0, i64 %zext_ln324" [radixfft/core.cpp:324]   --->   Operation 52 'getelementptr' 'input_2_addr' <Predicate = (!icmp_ln322)> <Delay = 0.00>
ST_1 : Operation 53 [2/2] (2.32ns)   --->   "%input_2_load = load i3 %input_2_addr" [radixfft/core.cpp:324]   --->   Operation 53 'load' 'input_2_load' <Predicate = (!icmp_ln322)> <Delay = 2.32> <CoreInst = "RAM_1P">   --->   Core 86 'RAM_1P' <Latency = 1> <II = 1> <Delay = 2.32> <Storage> <Opcode : 'load' 'store'> <Ports = 1> <Width = 64> <Depth = 8> <RAM>
ST_1 : Operation 54 [1/1] (0.00ns)   --->   "%input_3_addr = getelementptr i64 %input_3, i64 0, i64 %zext_ln324" [radixfft/core.cpp:324]   --->   Operation 54 'getelementptr' 'input_3_addr' <Predicate = (!icmp_ln322)> <Delay = 0.00>
ST_1 : Operation 55 [2/2] (2.32ns)   --->   "%input_3_load = load i3 %input_3_addr" [radixfft/core.cpp:324]   --->   Operation 55 'load' 'input_3_load' <Predicate = (!icmp_ln322)> <Delay = 2.32> <CoreInst = "RAM_1P">   --->   Core 86 'RAM_1P' <Latency = 1> <II = 1> <Delay = 2.32> <Storage> <Opcode : 'load' 'store'> <Ports = 1> <Width = 64> <Depth = 8> <RAM>
ST_1 : Operation 56 [1/1] (0.00ns)   --->   "%input_4_addr = getelementptr i64 %input_4, i64 0, i64 %zext_ln324" [radixfft/core.cpp:324]   --->   Operation 56 'getelementptr' 'input_4_addr' <Predicate = (!icmp_ln322)> <Delay = 0.00>
ST_1 : Operation 57 [2/2] (2.32ns)   --->   "%input_4_load = load i3 %input_4_addr" [radixfft/core.cpp:324]   --->   Operation 57 'load' 'input_4_load' <Predicate = (!icmp_ln322)> <Delay = 2.32> <CoreInst = "RAM_1P">   --->   Core 86 'RAM_1P' <Latency = 1> <II = 1> <Delay = 2.32> <Storage> <Opcode : 'load' 'store'> <Ports = 1> <Width = 64> <Depth = 8> <RAM>
ST_1 : Operation 58 [1/1] (0.00ns)   --->   "%input_5_addr = getelementptr i64 %input_5, i64 0, i64 %zext_ln324" [radixfft/core.cpp:324]   --->   Operation 58 'getelementptr' 'input_5_addr' <Predicate = (!icmp_ln322)> <Delay = 0.00>
ST_1 : Operation 59 [2/2] (2.32ns)   --->   "%input_5_load = load i3 %input_5_addr" [radixfft/core.cpp:324]   --->   Operation 59 'load' 'input_5_load' <Predicate = (!icmp_ln322)> <Delay = 2.32> <CoreInst = "RAM_1P">   --->   Core 86 'RAM_1P' <Latency = 1> <II = 1> <Delay = 2.32> <Storage> <Opcode : 'load' 'store'> <Ports = 1> <Width = 64> <Depth = 8> <RAM>
ST_1 : Operation 60 [1/1] (0.00ns)   --->   "%input_6_addr = getelementptr i64 %input_6, i64 0, i64 %zext_ln324" [radixfft/core.cpp:324]   --->   Operation 60 'getelementptr' 'input_6_addr' <Predicate = (!icmp_ln322)> <Delay = 0.00>
ST_1 : Operation 61 [2/2] (2.32ns)   --->   "%input_6_load = load i3 %input_6_addr" [radixfft/core.cpp:324]   --->   Operation 61 'load' 'input_6_load' <Predicate = (!icmp_ln322)> <Delay = 2.32> <CoreInst = "RAM_1P">   --->   Core 86 'RAM_1P' <Latency = 1> <II = 1> <Delay = 2.32> <Storage> <Opcode : 'load' 'store'> <Ports = 1> <Width = 64> <Depth = 8> <RAM>
ST_1 : Operation 62 [1/1] (0.00ns)   --->   "%input_7_addr = getelementptr i64 %input_7, i64 0, i64 %zext_ln324" [radixfft/core.cpp:324]   --->   Operation 62 'getelementptr' 'input_7_addr' <Predicate = (!icmp_ln322)> <Delay = 0.00>
ST_1 : Operation 63 [2/2] (2.32ns)   --->   "%input_7_load = load i3 %input_7_addr" [radixfft/core.cpp:324]   --->   Operation 63 'load' 'input_7_load' <Predicate = (!icmp_ln322)> <Delay = 2.32> <CoreInst = "RAM_1P">   --->   Core 86 'RAM_1P' <Latency = 1> <II = 1> <Delay = 2.32> <Storage> <Opcode : 'load' 'store'> <Ports = 1> <Width = 64> <Depth = 8> <RAM>
ST_1 : Operation 119 [1/1] (0.00ns)   --->   "%ret_ln0 = ret"   --->   Operation 119 'ret' 'ret_ln0' <Predicate = (icmp_ln322)> <Delay = 0.00>

State 2 <SV = 1> <Delay = 6.94>
ST_2 : Operation 64 [1/1] (0.00ns)   --->   "%specpipeline_ln323 = specpipeline void @_ssdm_op_SpecPipeline, i32 2, i32 0, i32 0, i32 0, void @empty" [radixfft/core.cpp:323]   --->   Operation 64 'specpipeline' 'specpipeline_ln323' <Predicate = true> <Delay = 0.00>
ST_2 : Operation 65 [1/1] (0.00ns)   --->   "%specloopname_ln322 = specloopname void @_ssdm_op_SpecLoopName, void @empty_23" [radixfft/core.cpp:322]   --->   Operation 65 'specloopname' 'specloopname_ln322' <Predicate = true> <Delay = 0.00>
ST_2 : Operation 66 [1/2] (2.32ns)   --->   "%input_0_load = load i3 %input_0_addr" [radixfft/core.cpp:324]   --->   Operation 66 'load' 'input_0_load' <Predicate = true> <Delay = 2.32> <CoreInst = "RAM_1P">   --->   Core 86 'RAM_1P' <Latency = 1> <II = 1> <Delay = 2.32> <Storage> <Opcode : 'load' 'store'> <Ports = 1> <Width = 64> <Depth = 8> <RAM>
ST_2 : Operation 67 [1/1] (0.00ns)   --->   "%trunc_ln324 = trunc i64 %input_0_load" [radixfft/core.cpp:324]   --->   Operation 67 'trunc' 'trunc_ln324' <Predicate = true> <Delay = 0.00>
ST_2 : Operation 68 [1/2] (2.32ns)   --->   "%input_1_load = load i3 %input_1_addr" [radixfft/core.cpp:324]   --->   Operation 68 'load' 'input_1_load' <Predicate = true> <Delay = 2.32> <CoreInst = "RAM_1P">   --->   Core 86 'RAM_1P' <Latency = 1> <II = 1> <Delay = 2.32> <Storage> <Opcode : 'load' 'store'> <Ports = 1> <Width = 64> <Depth = 8> <RAM>
ST_2 : Operation 69 [1/1] (0.00ns)   --->   "%trunc_ln324_1 = trunc i64 %input_1_load" [radixfft/core.cpp:324]   --->   Operation 69 'trunc' 'trunc_ln324_1' <Predicate = true> <Delay = 0.00>
ST_2 : Operation 70 [1/2] (2.32ns)   --->   "%input_2_load = load i3 %input_2_addr" [radixfft/core.cpp:324]   --->   Operation 70 'load' 'input_2_load' <Predicate = true> <Delay = 2.32> <CoreInst = "RAM_1P">   --->   Core 86 'RAM_1P' <Latency = 1> <II = 1> <Delay = 2.32> <Storage> <Opcode : 'load' 'store'> <Ports = 1> <Width = 64> <Depth = 8> <RAM>
ST_2 : Operation 71 [1/1] (0.00ns)   --->   "%trunc_ln324_2 = trunc i64 %input_2_load" [radixfft/core.cpp:324]   --->   Operation 71 'trunc' 'trunc_ln324_2' <Predicate = true> <Delay = 0.00>
ST_2 : Operation 72 [1/2] (2.32ns)   --->   "%input_3_load = load i3 %input_3_addr" [radixfft/core.cpp:324]   --->   Operation 72 'load' 'input_3_load' <Predicate = true> <Delay = 2.32> <CoreInst = "RAM_1P">   --->   Core 86 'RAM_1P' <Latency = 1> <II = 1> <Delay = 2.32> <Storage> <Opcode : 'load' 'store'> <Ports = 1> <Width = 64> <Depth = 8> <RAM>
ST_2 : Operation 73 [1/1] (0.00ns)   --->   "%trunc_ln324_3 = trunc i64 %input_3_load" [radixfft/core.cpp:324]   --->   Operation 73 'trunc' 'trunc_ln324_3' <Predicate = true> <Delay = 0.00>
ST_2 : Operation 74 [1/2] (2.32ns)   --->   "%input_4_load = load i3 %input_4_addr" [radixfft/core.cpp:324]   --->   Operation 74 'load' 'input_4_load' <Predicate = true> <Delay = 2.32> <CoreInst = "RAM_1P">   --->   Core 86 'RAM_1P' <Latency = 1> <II = 1> <Delay = 2.32> <Storage> <Opcode : 'load' 'store'> <Ports = 1> <Width = 64> <Depth = 8> <RAM>
ST_2 : Operation 75 [1/1] (0.00ns)   --->   "%trunc_ln324_4 = trunc i64 %input_4_load" [radixfft/core.cpp:324]   --->   Operation 75 'trunc' 'trunc_ln324_4' <Predicate = true> <Delay = 0.00>
ST_2 : Operation 76 [1/2] (2.32ns)   --->   "%input_5_load = load i3 %input_5_addr" [radixfft/core.cpp:324]   --->   Operation 76 'load' 'input_5_load' <Predicate = true> <Delay = 2.32> <CoreInst = "RAM_1P">   --->   Core 86 'RAM_1P' <Latency = 1> <II = 1> <Delay = 2.32> <Storage> <Opcode : 'load' 'store'> <Ports = 1> <Width = 64> <Depth = 8> <RAM>
ST_2 : Operation 77 [1/1] (0.00ns)   --->   "%trunc_ln324_5 = trunc i64 %input_5_load" [radixfft/core.cpp:324]   --->   Operation 77 'trunc' 'trunc_ln324_5' <Predicate = true> <Delay = 0.00>
ST_2 : Operation 78 [1/2] (2.32ns)   --->   "%input_6_load = load i3 %input_6_addr" [radixfft/core.cpp:324]   --->   Operation 78 'load' 'input_6_load' <Predicate = true> <Delay = 2.32> <CoreInst = "RAM_1P">   --->   Core 86 'RAM_1P' <Latency = 1> <II = 1> <Delay = 2.32> <Storage> <Opcode : 'load' 'store'> <Ports = 1> <Width = 64> <Depth = 8> <RAM>
ST_2 : Operation 79 [1/1] (0.00ns)   --->   "%trunc_ln324_6 = trunc i64 %input_6_load" [radixfft/core.cpp:324]   --->   Operation 79 'trunc' 'trunc_ln324_6' <Predicate = true> <Delay = 0.00>
ST_2 : Operation 80 [1/2] (2.32ns)   --->   "%input_7_load = load i3 %input_7_addr" [radixfft/core.cpp:324]   --->   Operation 80 'load' 'input_7_load' <Predicate = true> <Delay = 2.32> <CoreInst = "RAM_1P">   --->   Core 86 'RAM_1P' <Latency = 1> <II = 1> <Delay = 2.32> <Storage> <Opcode : 'load' 'store'> <Ports = 1> <Width = 64> <Depth = 8> <RAM>
ST_2 : Operation 81 [1/1] (0.00ns)   --->   "%trunc_ln324_7 = trunc i64 %input_7_load" [radixfft/core.cpp:324]   --->   Operation 81 'trunc' 'trunc_ln324_7' <Predicate = true> <Delay = 0.00>
ST_2 : Operation 82 [1/1] (2.30ns)   --->   "%tmp = mux i32 @_ssdm_op_Mux.ap_auto.8i32.i3, i32 %trunc_ln324, i32 %trunc_ln324_1, i32 %trunc_ln324_2, i32 %trunc_ln324_3, i32 %trunc_ln324_4, i32 %trunc_ln324_5, i32 %trunc_ln324_6, i32 %trunc_ln324_7, i3 %trunc_ln1" [radixfft/core.cpp:324]   --->   Operation 82 'mux' 'tmp' <Predicate = true> <Delay = 2.30> <CoreInst = "Multiplexer">   --->   Core 76 'Multiplexer' <Latency = 0> <II = 1> <Delay = 2.30> <FuncUnit> <Opcode : 'mux'> <InPorts = 2> <OutPorts = 1>
ST_2 : Operation 83 [1/1] (0.00ns)   --->   "%trunc_ln324_9 = partselect i32 @_ssdm_op_PartSelect.i32.i64.i32.i32, i64 %input_0_load, i32 32, i32 63" [radixfft/core.cpp:324]   --->   Operation 83 'partselect' 'trunc_ln324_9' <Predicate = true> <Delay = 0.00>
ST_2 : Operation 84 [1/1] (0.00ns)   --->   "%trunc_ln324_s = partselect i32 @_ssdm_op_PartSelect.i32.i64.i32.i32, i64 %input_1_load, i32 32, i32 63" [radixfft/core.cpp:324]   --->   Operation 84 'partselect' 'trunc_ln324_s' <Predicate = true> <Delay = 0.00>
ST_2 : Operation 85 [1/1] (0.00ns)   --->   "%trunc_ln324_8 = partselect i32 @_ssdm_op_PartSelect.i32.i64.i32.i32, i64 %input_2_load, i32 32, i32 63" [radixfft/core.cpp:324]   --->   Operation 85 'partselect' 'trunc_ln324_8' <Predicate = true> <Delay = 0.00>
ST_2 : Operation 86 [1/1] (0.00ns)   --->   "%trunc_ln324_10 = partselect i32 @_ssdm_op_PartSelect.i32.i64.i32.i32, i64 %input_3_load, i32 32, i32 63" [radixfft/core.cpp:324]   --->   Operation 86 'partselect' 'trunc_ln324_10' <Predicate = true> <Delay = 0.00>
ST_2 : Operation 87 [1/1] (0.00ns)   --->   "%trunc_ln324_11 = partselect i32 @_ssdm_op_PartSelect.i32.i64.i32.i32, i64 %input_4_load, i32 32, i32 63" [radixfft/core.cpp:324]   --->   Operation 87 'partselect' 'trunc_ln324_11' <Predicate = true> <Delay = 0.00>
ST_2 : Operation 88 [1/1] (0.00ns)   --->   "%trunc_ln324_12 = partselect i32 @_ssdm_op_PartSelect.i32.i64.i32.i32, i64 %input_5_load, i32 32, i32 63" [radixfft/core.cpp:324]   --->   Operation 88 'partselect' 'trunc_ln324_12' <Predicate = true> <Delay = 0.00>
ST_2 : Operation 89 [1/1] (0.00ns)   --->   "%trunc_ln324_13 = partselect i32 @_ssdm_op_PartSelect.i32.i64.i32.i32, i64 %input_6_load, i32 32, i32 63" [radixfft/core.cpp:324]   --->   Operation 89 'partselect' 'trunc_ln324_13' <Predicate = true> <Delay = 0.00>
ST_2 : Operation 90 [1/1] (0.00ns)   --->   "%trunc_ln324_14 = partselect i32 @_ssdm_op_PartSelect.i32.i64.i32.i32, i64 %input_7_load, i32 32, i32 63" [radixfft/core.cpp:324]   --->   Operation 90 'partselect' 'trunc_ln324_14' <Predicate = true> <Delay = 0.00>
ST_2 : Operation 91 [1/1] (2.30ns)   --->   "%tmp_1 = mux i32 @_ssdm_op_Mux.ap_auto.8i32.i3, i32 %trunc_ln324_9, i32 %trunc_ln324_s, i32 %trunc_ln324_8, i32 %trunc_ln324_10, i32 %trunc_ln324_11, i32 %trunc_ln324_12, i32 %trunc_ln324_13, i32 %trunc_ln324_14, i3 %trunc_ln1" [radixfft/core.cpp:324]   --->   Operation 91 'mux' 'tmp_1' <Predicate = true> <Delay = 2.30> <CoreInst = "Multiplexer">   --->   Core 76 'Multiplexer' <Latency = 0> <II = 1> <Delay = 2.30> <FuncUnit> <Opcode : 'mux'> <InPorts = 2> <OutPorts = 1>
ST_2 : Operation 92 [1/1] (0.95ns)   --->   "%switch_ln324 = switch i3 %trunc_ln1, void %arrayidx11.1.case.7, i3 0, void %arrayidx11.1.case.0, i3 1, void %arrayidx11.1.case.1, i3 2, void %arrayidx11.1.case.2, i3 3, void %arrayidx11.1.case.3, i3 4, void %arrayidx11.1.case.4, i3 5, void %arrayidx11.1.case.5, i3 6, void %arrayidx11.1.case.6" [radixfft/core.cpp:324]   --->   Operation 92 'switch' 'switch_ln324' <Predicate = true> <Delay = 0.95>
ST_2 : Operation 93 [1/1] (2.32ns)   --->   "%store_ln324 = store i32 %tmp, i3 %x_real_V_6_addr" [radixfft/core.cpp:324]   --->   Operation 93 'store' 'store_ln324' <Predicate = (trunc_ln1 == 6)> <Delay = 2.32> <CoreInst = "RAM_1WnR">   --->   Core 83 'RAM_1WnR' <Latency = 1> <II = 1> <Delay = 2.32> <Storage> <Opcode : 'load' 'store'> <Ports = 17> <Width = 32> <Depth = 8> <RAM>
ST_2 : Operation 94 [1/1] (2.32ns)   --->   "%store_ln324 = store i32 %tmp_1, i3 %x_imag_V_6_addr" [radixfft/core.cpp:324]   --->   Operation 94 'store' 'store_ln324' <Predicate = (trunc_ln1 == 6)> <Delay = 2.32> <CoreInst = "RAM_1WnR">   --->   Core 83 'RAM_1WnR' <Latency = 1> <II = 1> <Delay = 2.32> <Storage> <Opcode : 'load' 'store'> <Ports = 17> <Width = 32> <Depth = 8> <RAM>
ST_2 : Operation 95 [1/1] (0.00ns)   --->   "%br_ln324 = br void %arrayidx11.1.exit" [radixfft/core.cpp:324]   --->   Operation 95 'br' 'br_ln324' <Predicate = (trunc_ln1 == 6)> <Delay = 0.00>
ST_2 : Operation 96 [1/1] (2.32ns)   --->   "%store_ln324 = store i32 %tmp, i3 %x_real_V_5_addr" [radixfft/core.cpp:324]   --->   Operation 96 'store' 'store_ln324' <Predicate = (trunc_ln1 == 5)> <Delay = 2.32> <CoreInst = "RAM_1WnR">   --->   Core 83 'RAM_1WnR' <Latency = 1> <II = 1> <Delay = 2.32> <Storage> <Opcode : 'load' 'store'> <Ports = 17> <Width = 32> <Depth = 8> <RAM>
ST_2 : Operation 97 [1/1] (2.32ns)   --->   "%store_ln324 = store i32 %tmp_1, i3 %x_imag_V_5_addr" [radixfft/core.cpp:324]   --->   Operation 97 'store' 'store_ln324' <Predicate = (trunc_ln1 == 5)> <Delay = 2.32> <CoreInst = "RAM_1WnR">   --->   Core 83 'RAM_1WnR' <Latency = 1> <II = 1> <Delay = 2.32> <Storage> <Opcode : 'load' 'store'> <Ports = 17> <Width = 32> <Depth = 8> <RAM>
ST_2 : Operation 98 [1/1] (0.00ns)   --->   "%br_ln324 = br void %arrayidx11.1.exit" [radixfft/core.cpp:324]   --->   Operation 98 'br' 'br_ln324' <Predicate = (trunc_ln1 == 5)> <Delay = 0.00>
ST_2 : Operation 99 [1/1] (2.32ns)   --->   "%store_ln324 = store i32 %tmp, i3 %x_real_V_4_addr" [radixfft/core.cpp:324]   --->   Operation 99 'store' 'store_ln324' <Predicate = (trunc_ln1 == 4)> <Delay = 2.32> <CoreInst = "RAM_1WnR">   --->   Core 83 'RAM_1WnR' <Latency = 1> <II = 1> <Delay = 2.32> <Storage> <Opcode : 'load' 'store'> <Ports = 17> <Width = 32> <Depth = 8> <RAM>
ST_2 : Operation 100 [1/1] (2.32ns)   --->   "%store_ln324 = store i32 %tmp_1, i3 %x_imag_V_4_addr" [radixfft/core.cpp:324]   --->   Operation 100 'store' 'store_ln324' <Predicate = (trunc_ln1 == 4)> <Delay = 2.32> <CoreInst = "RAM_1WnR">   --->   Core 83 'RAM_1WnR' <Latency = 1> <II = 1> <Delay = 2.32> <Storage> <Opcode : 'load' 'store'> <Ports = 17> <Width = 32> <Depth = 8> <RAM>
ST_2 : Operation 101 [1/1] (0.00ns)   --->   "%br_ln324 = br void %arrayidx11.1.exit" [radixfft/core.cpp:324]   --->   Operation 101 'br' 'br_ln324' <Predicate = (trunc_ln1 == 4)> <Delay = 0.00>
ST_2 : Operation 102 [1/1] (2.32ns)   --->   "%store_ln324 = store i32 %tmp, i3 %x_real_V_3_addr" [radixfft/core.cpp:324]   --->   Operation 102 'store' 'store_ln324' <Predicate = (trunc_ln1 == 3)> <Delay = 2.32> <CoreInst = "RAM_1WnR">   --->   Core 83 'RAM_1WnR' <Latency = 1> <II = 1> <Delay = 2.32> <Storage> <Opcode : 'load' 'store'> <Ports = 17> <Width = 32> <Depth = 8> <RAM>
ST_2 : Operation 103 [1/1] (2.32ns)   --->   "%store_ln324 = store i32 %tmp_1, i3 %x_imag_V_3_addr" [radixfft/core.cpp:324]   --->   Operation 103 'store' 'store_ln324' <Predicate = (trunc_ln1 == 3)> <Delay = 2.32> <CoreInst = "RAM_1WnR">   --->   Core 83 'RAM_1WnR' <Latency = 1> <II = 1> <Delay = 2.32> <Storage> <Opcode : 'load' 'store'> <Ports = 17> <Width = 32> <Depth = 8> <RAM>
ST_2 : Operation 104 [1/1] (0.00ns)   --->   "%br_ln324 = br void %arrayidx11.1.exit" [radixfft/core.cpp:324]   --->   Operation 104 'br' 'br_ln324' <Predicate = (trunc_ln1 == 3)> <Delay = 0.00>
ST_2 : Operation 105 [1/1] (2.32ns)   --->   "%store_ln324 = store i32 %tmp, i3 %x_real_V_2_addr" [radixfft/core.cpp:324]   --->   Operation 105 'store' 'store_ln324' <Predicate = (trunc_ln1 == 2)> <Delay = 2.32> <CoreInst = "RAM_1WnR">   --->   Core 83 'RAM_1WnR' <Latency = 1> <II = 1> <Delay = 2.32> <Storage> <Opcode : 'load' 'store'> <Ports = 17> <Width = 32> <Depth = 8> <RAM>
ST_2 : Operation 106 [1/1] (2.32ns)   --->   "%store_ln324 = store i32 %tmp_1, i3 %x_imag_V_2_addr" [radixfft/core.cpp:324]   --->   Operation 106 'store' 'store_ln324' <Predicate = (trunc_ln1 == 2)> <Delay = 2.32> <CoreInst = "RAM_1WnR">   --->   Core 83 'RAM_1WnR' <Latency = 1> <II = 1> <Delay = 2.32> <Storage> <Opcode : 'load' 'store'> <Ports = 17> <Width = 32> <Depth = 8> <RAM>
ST_2 : Operation 107 [1/1] (0.00ns)   --->   "%br_ln324 = br void %arrayidx11.1.exit" [radixfft/core.cpp:324]   --->   Operation 107 'br' 'br_ln324' <Predicate = (trunc_ln1 == 2)> <Delay = 0.00>
ST_2 : Operation 108 [1/1] (2.32ns)   --->   "%store_ln324 = store i32 %tmp, i3 %x_real_V_1_addr" [radixfft/core.cpp:324]   --->   Operation 108 'store' 'store_ln324' <Predicate = (trunc_ln1 == 1)> <Delay = 2.32> <CoreInst = "RAM_1WnR">   --->   Core 83 'RAM_1WnR' <Latency = 1> <II = 1> <Delay = 2.32> <Storage> <Opcode : 'load' 'store'> <Ports = 17> <Width = 32> <Depth = 8> <RAM>
ST_2 : Operation 109 [1/1] (2.32ns)   --->   "%store_ln324 = store i32 %tmp_1, i3 %x_imag_V_1_addr" [radixfft/core.cpp:324]   --->   Operation 109 'store' 'store_ln324' <Predicate = (trunc_ln1 == 1)> <Delay = 2.32> <CoreInst = "RAM_1WnR">   --->   Core 83 'RAM_1WnR' <Latency = 1> <II = 1> <Delay = 2.32> <Storage> <Opcode : 'load' 'store'> <Ports = 17> <Width = 32> <Depth = 8> <RAM>
ST_2 : Operation 110 [1/1] (0.00ns)   --->   "%br_ln324 = br void %arrayidx11.1.exit" [radixfft/core.cpp:324]   --->   Operation 110 'br' 'br_ln324' <Predicate = (trunc_ln1 == 1)> <Delay = 0.00>
ST_2 : Operation 111 [1/1] (2.32ns)   --->   "%store_ln324 = store i32 %tmp, i3 %x_real_V_addr" [radixfft/core.cpp:324]   --->   Operation 111 'store' 'store_ln324' <Predicate = (trunc_ln1 == 0)> <Delay = 2.32> <CoreInst = "RAM_1WnR">   --->   Core 83 'RAM_1WnR' <Latency = 1> <II = 1> <Delay = 2.32> <Storage> <Opcode : 'load' 'store'> <Ports = 17> <Width = 32> <Depth = 8> <RAM>
ST_2 : Operation 112 [1/1] (2.32ns)   --->   "%store_ln324 = store i32 %tmp_1, i3 %x_imag_V_addr" [radixfft/core.cpp:324]   --->   Operation 112 'store' 'store_ln324' <Predicate = (trunc_ln1 == 0)> <Delay = 2.32> <CoreInst = "RAM_1WnR">   --->   Core 83 'RAM_1WnR' <Latency = 1> <II = 1> <Delay = 2.32> <Storage> <Opcode : 'load' 'store'> <Ports = 17> <Width = 32> <Depth = 8> <RAM>
ST_2 : Operation 113 [1/1] (0.00ns)   --->   "%br_ln324 = br void %arrayidx11.1.exit" [radixfft/core.cpp:324]   --->   Operation 113 'br' 'br_ln324' <Predicate = (trunc_ln1 == 0)> <Delay = 0.00>
ST_2 : Operation 114 [1/1] (2.32ns)   --->   "%store_ln324 = store i32 %tmp, i3 %x_real_V_7_addr" [radixfft/core.cpp:324]   --->   Operation 114 'store' 'store_ln324' <Predicate = (trunc_ln1 == 7)> <Delay = 2.32> <CoreInst = "RAM_1WnR">   --->   Core 83 'RAM_1WnR' <Latency = 1> <II = 1> <Delay = 2.32> <Storage> <Opcode : 'load' 'store'> <Ports = 17> <Width = 32> <Depth = 8> <RAM>
ST_2 : Operation 115 [1/1] (2.32ns)   --->   "%store_ln324 = store i32 %tmp_1, i3 %x_imag_V_7_addr" [radixfft/core.cpp:324]   --->   Operation 115 'store' 'store_ln324' <Predicate = (trunc_ln1 == 7)> <Delay = 2.32> <CoreInst = "RAM_1WnR">   --->   Core 83 'RAM_1WnR' <Latency = 1> <II = 1> <Delay = 2.32> <Storage> <Opcode : 'load' 'store'> <Ports = 17> <Width = 32> <Depth = 8> <RAM>
ST_2 : Operation 116 [1/1] (0.00ns)   --->   "%br_ln324 = br void %arrayidx11.1.exit" [radixfft/core.cpp:324]   --->   Operation 116 'br' 'br_ln324' <Predicate = (trunc_ln1 == 7)> <Delay = 0.00>
ST_2 : Operation 117 [1/1] (1.58ns)   --->   "%store_ln322 = store i7 %add_ln322, i7 %i" [radixfft/core.cpp:322]   --->   Operation 117 'store' 'store_ln322' <Predicate = true> <Delay = 1.58>
ST_2 : Operation 118 [1/1] (0.00ns)   --->   "%br_ln322 = br void %for.inc" [radixfft/core.cpp:322]   --->   Operation 118 'br' 'br_ln322' <Predicate = true> <Delay = 0.00>


============================================================
+ Verbose Summary: Timing violations
============================================================
Target clock period: 10ns, clock uncertainty: 2.7ns.

 <State 1>: 2.32ns
The critical path consists of the following:
	'alloca' operation ('i') [25]  (0 ns)
	'load' operation ('i', radixfft/core.cpp:322) on local variable 'i' [45]  (0 ns)
	'getelementptr' operation ('input_0_addr', radixfft/core.cpp:324) [72]  (0 ns)
	'load' operation ('input_0_load', radixfft/core.cpp:324) on array 'input_0' [73]  (2.32 ns)

 <State 2>: 6.95ns
The critical path consists of the following:
	'load' operation ('input_0_load', radixfft/core.cpp:324) on array 'input_0' [73]  (2.32 ns)
	'mux' operation ('tmp', radixfft/core.cpp:324) [96]  (2.3 ns)
	'store' operation ('store_ln324', radixfft/core.cpp:324) of variable 'tmp', radixfft/core.cpp:324 on array 'x_real_V_6' [108]  (2.32 ns)


============================================================
+ Verbose Summary: Binding
============================================================
N/A
* FSMD analyzer results:
  - Output states:
 - Input state : 
  - Chain level:
	State 1
	State 2


============================================================
+ Verbose Summary: Datapath Resource usage 
============================================================
N/A
