

================================================================
== Vitis HLS Report for 'fft_32pt_Pipeline_VITIS_LOOP_215_1'
================================================================
* Date:           Sun Aug 31 16:41:43 2025

* Version:        2022.2 (Build 3670227 on Oct 13 2022)
* Project:        radixfft
* Solution:       solution1 (Vivado IP Flow Target)
* Product family: zynq
* Target device:  xc7z020-clg400-1


================================================================
== Performance Estimates
================================================================
+ Timing: 
    * Summary: 
    +--------+----------+----------+------------+
    |  Clock |  Target  | Estimated| Uncertainty|
    +--------+----------+----------+------------+
    |ap_clk  |  10.00 ns|  6.948 ns|     2.70 ns|
    +--------+----------+----------+------------+

+ Latency: 
    * Summary: 
    +---------+---------+----------+----------+-----+-----+---------+
    |  Latency (cycles) |  Latency (absolute) |  Interval | Pipeline|
    |   min   |   max   |    min   |    max   | min | max |   Type  |
    +---------+---------+----------+----------+-----+-----+---------+
    |       18|       18|  0.180 us|  0.180 us|   18|   18|       no|
    +---------+---------+----------+----------+-----+-----+---------+

    + Detail: 
        * Instance: 
        N/A

        * Loop: 
        +--------------------+---------+---------+----------+-----------+-----------+------+----------+
        |                    |  Latency (cycles) | Iteration|  Initiation Interval  | Trip |          |
        |      Loop Name     |   min   |   max   |  Latency |  achieved |   target  | Count| Pipelined|
        +--------------------+---------+---------+----------+-----------+-----------+------+----------+
        |- VITIS_LOOP_215_1  |       16|       16|         2|          1|          1|    16|       yes|
        +--------------------+---------+---------+----------+-----------+-----------+------+----------+

============================================================
+ Verbose Summary: Synthesis Manager
============================================================
InlineROM: 1
ExposeGlobal: 0
============================================================
+ Verbose Summary: CDFG Model
============================================================
IsTopModel: 0
ResetActiveHigh: 1
IsCombinational: 0
IsDatapathOnly: 0
HasWiredReturn: 1
HasMFsm: 2
HasVarLatency: 1
IsPipeline: 0
IsRtlPipelined: 0
IsInstanceOverlapped: 0
IsDontTouch: 0
HasImplIP: 0
IsGatedGlobalClock: 0

+ Individual pipeline summary: 
  * Pipeline-0: initiation interval (II) = 1, depth = 2


============================================================
+ Verbose Summary: Schedule
============================================================
* Number of FSM states : 2
* Pipeline : 1
  Pipeline-0 : II = 1, D = 2, States = { 1 2 }
* Dataflow Pipeline: 0

* FSM state transitions: 
1 --> 2 
2 --> 

* FSM state operations: 

State 1 <SV = 0> <Delay = 3.36>
ST_1 : Operation 5 [1/1] (0.00ns)   --->   "%i = alloca i32 1"   --->   Operation 5 'alloca' 'i' <Predicate = true> <Delay = 0.00>
ST_1 : Operation 6 [1/1] (1.58ns)   --->   "%store_ln0 = store i5 0, i5 %i"   --->   Operation 6 'store' 'store_ln0' <Predicate = true> <Delay = 1.58>
ST_1 : Operation 7 [1/1] (0.00ns)   --->   "%br_ln0 = br void %for.inc"   --->   Operation 7 'br' 'br_ln0' <Predicate = true> <Delay = 0.00>
ST_1 : Operation 8 [1/1] (0.00ns)   --->   "%i_4 = load i5 %i" [radixfft/core.cpp:217]   --->   Operation 8 'load' 'i_4' <Predicate = true> <Delay = 0.00>
ST_1 : Operation 9 [1/1] (1.36ns)   --->   "%icmp_ln215 = icmp_eq  i5 %i_4, i5 16" [radixfft/core.cpp:215]   --->   Operation 9 'icmp' 'icmp_ln215' <Predicate = true> <Delay = 1.36> <CoreInst = "Cmp">   --->   Core 9 'Cmp' <Latency = 0> <II = 1> <Delay = 1.36> <FuncUnit> <Opcode : 'icmp'> <InPorts = 2> <OutPorts = 1>
ST_1 : Operation 10 [1/1] (0.00ns)   --->   "%empty = speclooptripcount i32 @_ssdm_op_SpecLoopTripCount, i64 16, i64 16, i64 16"   --->   Operation 10 'speclooptripcount' 'empty' <Predicate = true> <Delay = 0.00>
ST_1 : Operation 11 [1/1] (1.78ns)   --->   "%add_ln215 = add i5 %i_4, i5 1" [radixfft/core.cpp:215]   --->   Operation 11 'add' 'add_ln215' <Predicate = true> <Delay = 1.78> <CoreInst = "Adder">   --->   Core 1 'Adder' <Latency = 0> <II = 1> <Delay = 1.78> <FuncUnit> <Opcode : 'add' 'sub'> <InPorts = 2> <OutPorts = 1>
ST_1 : Operation 12 [1/1] (0.00ns)   --->   "%br_ln215 = br i1 %icmp_ln215, void %for.inc.split, void %for.end.exitStub" [radixfft/core.cpp:215]   --->   Operation 12 'br' 'br_ln215' <Predicate = true> <Delay = 0.00>
ST_1 : Operation 13 [1/1] (0.00ns)   --->   "%trunc_ln217 = trunc i5 %i_4" [radixfft/core.cpp:217]   --->   Operation 13 'trunc' 'trunc_ln217' <Predicate = (!icmp_ln215)> <Delay = 0.00>
ST_1 : Operation 14 [1/1] (0.00ns)   --->   "%shl_ln = bitconcatenate i2 @_ssdm_op_BitConcatenate.i2.i1.i1, i1 %trunc_ln217, i1 0" [radixfft/core.cpp:217]   --->   Operation 14 'bitconcatenate' 'shl_ln' <Predicate = (!icmp_ln215)> <Delay = 0.00>
ST_1 : Operation 15 [1/1] (0.00ns)   --->   "%zext_ln217 = zext i2 %shl_ln" [radixfft/core.cpp:217]   --->   Operation 15 'zext' 'zext_ln217' <Predicate = (!icmp_ln215)> <Delay = 0.00>
ST_1 : Operation 16 [1/1] (0.00ns)   --->   "%in_real_0_addr = getelementptr i32 %in_real_0, i64 0, i64 %zext_ln217" [radixfft/core.cpp:217]   --->   Operation 16 'getelementptr' 'in_real_0_addr' <Predicate = (!icmp_ln215)> <Delay = 0.00>
ST_1 : Operation 17 [1/1] (0.00ns)   --->   "%in_real_1_addr = getelementptr i32 %in_real_1, i64 0, i64 %zext_ln217" [radixfft/core.cpp:217]   --->   Operation 17 'getelementptr' 'in_real_1_addr' <Predicate = (!icmp_ln215)> <Delay = 0.00>
ST_1 : Operation 18 [1/1] (0.00ns)   --->   "%in_real_2_addr = getelementptr i32 %in_real_2, i64 0, i64 %zext_ln217" [radixfft/core.cpp:217]   --->   Operation 18 'getelementptr' 'in_real_2_addr' <Predicate = (!icmp_ln215)> <Delay = 0.00>
ST_1 : Operation 19 [1/1] (0.00ns)   --->   "%in_real_3_addr = getelementptr i32 %in_real_3, i64 0, i64 %zext_ln217" [radixfft/core.cpp:217]   --->   Operation 19 'getelementptr' 'in_real_3_addr' <Predicate = (!icmp_ln215)> <Delay = 0.00>
ST_1 : Operation 20 [1/1] (0.00ns)   --->   "%in_real_4_addr = getelementptr i32 %in_real_4, i64 0, i64 %zext_ln217" [radixfft/core.cpp:217]   --->   Operation 20 'getelementptr' 'in_real_4_addr' <Predicate = (!icmp_ln215)> <Delay = 0.00>
ST_1 : Operation 21 [1/1] (0.00ns)   --->   "%in_real_5_addr = getelementptr i32 %in_real_5, i64 0, i64 %zext_ln217" [radixfft/core.cpp:217]   --->   Operation 21 'getelementptr' 'in_real_5_addr' <Predicate = (!icmp_ln215)> <Delay = 0.00>
ST_1 : Operation 22 [1/1] (0.00ns)   --->   "%in_real_6_addr = getelementptr i32 %in_real_6, i64 0, i64 %zext_ln217" [radixfft/core.cpp:217]   --->   Operation 22 'getelementptr' 'in_real_6_addr' <Predicate = (!icmp_ln215)> <Delay = 0.00>
ST_1 : Operation 23 [1/1] (0.00ns)   --->   "%in_real_7_addr = getelementptr i32 %in_real_7, i64 0, i64 %zext_ln217" [radixfft/core.cpp:217]   --->   Operation 23 'getelementptr' 'in_real_7_addr' <Predicate = (!icmp_ln215)> <Delay = 0.00>
ST_1 : Operation 24 [1/1] (0.00ns)   --->   "%in_imag_0_addr = getelementptr i32 %in_imag_0, i64 0, i64 %zext_ln217" [radixfft/core.cpp:217]   --->   Operation 24 'getelementptr' 'in_imag_0_addr' <Predicate = (!icmp_ln215)> <Delay = 0.00>
ST_1 : Operation 25 [1/1] (0.00ns)   --->   "%in_imag_1_addr = getelementptr i32 %in_imag_1, i64 0, i64 %zext_ln217" [radixfft/core.cpp:217]   --->   Operation 25 'getelementptr' 'in_imag_1_addr' <Predicate = (!icmp_ln215)> <Delay = 0.00>
ST_1 : Operation 26 [1/1] (0.00ns)   --->   "%in_imag_2_addr = getelementptr i32 %in_imag_2, i64 0, i64 %zext_ln217" [radixfft/core.cpp:217]   --->   Operation 26 'getelementptr' 'in_imag_2_addr' <Predicate = (!icmp_ln215)> <Delay = 0.00>
ST_1 : Operation 27 [1/1] (0.00ns)   --->   "%in_imag_3_addr = getelementptr i32 %in_imag_3, i64 0, i64 %zext_ln217" [radixfft/core.cpp:217]   --->   Operation 27 'getelementptr' 'in_imag_3_addr' <Predicate = (!icmp_ln215)> <Delay = 0.00>
ST_1 : Operation 28 [1/1] (0.00ns)   --->   "%in_imag_4_addr = getelementptr i32 %in_imag_4, i64 0, i64 %zext_ln217" [radixfft/core.cpp:217]   --->   Operation 28 'getelementptr' 'in_imag_4_addr' <Predicate = (!icmp_ln215)> <Delay = 0.00>
ST_1 : Operation 29 [1/1] (0.00ns)   --->   "%in_imag_5_addr = getelementptr i32 %in_imag_5, i64 0, i64 %zext_ln217" [radixfft/core.cpp:217]   --->   Operation 29 'getelementptr' 'in_imag_5_addr' <Predicate = (!icmp_ln215)> <Delay = 0.00>
ST_1 : Operation 30 [1/1] (0.00ns)   --->   "%in_imag_6_addr = getelementptr i32 %in_imag_6, i64 0, i64 %zext_ln217" [radixfft/core.cpp:217]   --->   Operation 30 'getelementptr' 'in_imag_6_addr' <Predicate = (!icmp_ln215)> <Delay = 0.00>
ST_1 : Operation 31 [1/1] (0.00ns)   --->   "%in_imag_7_addr = getelementptr i32 %in_imag_7, i64 0, i64 %zext_ln217" [radixfft/core.cpp:217]   --->   Operation 31 'getelementptr' 'in_imag_7_addr' <Predicate = (!icmp_ln215)> <Delay = 0.00>
ST_1 : Operation 32 [2/2] (2.32ns)   --->   "%in_real_0_load = load i2 %in_real_0_addr" [radixfft/core.cpp:217]   --->   Operation 32 'load' 'in_real_0_load' <Predicate = (!icmp_ln215)> <Delay = 2.32> <CoreInst = "RAM">   --->   Core 82 'RAM' <Latency = 1> <II = 1> <Delay = 2.32> <Storage> <Opcode : 'load' 'store'> <Ports = 2> <Width = 32> <Depth = 4> <RAM>
ST_1 : Operation 33 [2/2] (2.32ns)   --->   "%in_real_1_load = load i2 %in_real_1_addr" [radixfft/core.cpp:217]   --->   Operation 33 'load' 'in_real_1_load' <Predicate = (!icmp_ln215)> <Delay = 2.32> <CoreInst = "RAM">   --->   Core 82 'RAM' <Latency = 1> <II = 1> <Delay = 2.32> <Storage> <Opcode : 'load' 'store'> <Ports = 2> <Width = 32> <Depth = 4> <RAM>
ST_1 : Operation 34 [2/2] (2.32ns)   --->   "%in_real_2_load = load i2 %in_real_2_addr" [radixfft/core.cpp:217]   --->   Operation 34 'load' 'in_real_2_load' <Predicate = (!icmp_ln215)> <Delay = 2.32> <CoreInst = "RAM">   --->   Core 82 'RAM' <Latency = 1> <II = 1> <Delay = 2.32> <Storage> <Opcode : 'load' 'store'> <Ports = 2> <Width = 32> <Depth = 4> <RAM>
ST_1 : Operation 35 [2/2] (2.32ns)   --->   "%in_real_3_load = load i2 %in_real_3_addr" [radixfft/core.cpp:217]   --->   Operation 35 'load' 'in_real_3_load' <Predicate = (!icmp_ln215)> <Delay = 2.32> <CoreInst = "RAM">   --->   Core 82 'RAM' <Latency = 1> <II = 1> <Delay = 2.32> <Storage> <Opcode : 'load' 'store'> <Ports = 2> <Width = 32> <Depth = 4> <RAM>
ST_1 : Operation 36 [2/2] (2.32ns)   --->   "%in_real_4_load = load i2 %in_real_4_addr" [radixfft/core.cpp:217]   --->   Operation 36 'load' 'in_real_4_load' <Predicate = (!icmp_ln215)> <Delay = 2.32> <CoreInst = "RAM">   --->   Core 82 'RAM' <Latency = 1> <II = 1> <Delay = 2.32> <Storage> <Opcode : 'load' 'store'> <Ports = 2> <Width = 32> <Depth = 4> <RAM>
ST_1 : Operation 37 [2/2] (2.32ns)   --->   "%in_real_5_load = load i2 %in_real_5_addr" [radixfft/core.cpp:217]   --->   Operation 37 'load' 'in_real_5_load' <Predicate = (!icmp_ln215)> <Delay = 2.32> <CoreInst = "RAM">   --->   Core 82 'RAM' <Latency = 1> <II = 1> <Delay = 2.32> <Storage> <Opcode : 'load' 'store'> <Ports = 2> <Width = 32> <Depth = 4> <RAM>
ST_1 : Operation 38 [2/2] (2.32ns)   --->   "%in_real_6_load = load i2 %in_real_6_addr" [radixfft/core.cpp:217]   --->   Operation 38 'load' 'in_real_6_load' <Predicate = (!icmp_ln215)> <Delay = 2.32> <CoreInst = "RAM">   --->   Core 82 'RAM' <Latency = 1> <II = 1> <Delay = 2.32> <Storage> <Opcode : 'load' 'store'> <Ports = 2> <Width = 32> <Depth = 4> <RAM>
ST_1 : Operation 39 [2/2] (2.32ns)   --->   "%in_real_7_load = load i2 %in_real_7_addr" [radixfft/core.cpp:217]   --->   Operation 39 'load' 'in_real_7_load' <Predicate = (!icmp_ln215)> <Delay = 2.32> <CoreInst = "RAM">   --->   Core 82 'RAM' <Latency = 1> <II = 1> <Delay = 2.32> <Storage> <Opcode : 'load' 'store'> <Ports = 2> <Width = 32> <Depth = 4> <RAM>
ST_1 : Operation 40 [2/2] (2.32ns)   --->   "%in_imag_0_load = load i2 %in_imag_0_addr" [radixfft/core.cpp:217]   --->   Operation 40 'load' 'in_imag_0_load' <Predicate = (!icmp_ln215)> <Delay = 2.32> <CoreInst = "RAM">   --->   Core 82 'RAM' <Latency = 1> <II = 1> <Delay = 2.32> <Storage> <Opcode : 'load' 'store'> <Ports = 2> <Width = 32> <Depth = 4> <RAM>
ST_1 : Operation 41 [2/2] (2.32ns)   --->   "%in_imag_1_load = load i2 %in_imag_1_addr" [radixfft/core.cpp:217]   --->   Operation 41 'load' 'in_imag_1_load' <Predicate = (!icmp_ln215)> <Delay = 2.32> <CoreInst = "RAM">   --->   Core 82 'RAM' <Latency = 1> <II = 1> <Delay = 2.32> <Storage> <Opcode : 'load' 'store'> <Ports = 2> <Width = 32> <Depth = 4> <RAM>
ST_1 : Operation 42 [2/2] (2.32ns)   --->   "%in_imag_2_load = load i2 %in_imag_2_addr" [radixfft/core.cpp:217]   --->   Operation 42 'load' 'in_imag_2_load' <Predicate = (!icmp_ln215)> <Delay = 2.32> <CoreInst = "RAM">   --->   Core 82 'RAM' <Latency = 1> <II = 1> <Delay = 2.32> <Storage> <Opcode : 'load' 'store'> <Ports = 2> <Width = 32> <Depth = 4> <RAM>
ST_1 : Operation 43 [2/2] (2.32ns)   --->   "%in_imag_3_load = load i2 %in_imag_3_addr" [radixfft/core.cpp:217]   --->   Operation 43 'load' 'in_imag_3_load' <Predicate = (!icmp_ln215)> <Delay = 2.32> <CoreInst = "RAM">   --->   Core 82 'RAM' <Latency = 1> <II = 1> <Delay = 2.32> <Storage> <Opcode : 'load' 'store'> <Ports = 2> <Width = 32> <Depth = 4> <RAM>
ST_1 : Operation 44 [2/2] (2.32ns)   --->   "%in_imag_4_load = load i2 %in_imag_4_addr" [radixfft/core.cpp:217]   --->   Operation 44 'load' 'in_imag_4_load' <Predicate = (!icmp_ln215)> <Delay = 2.32> <CoreInst = "RAM">   --->   Core 82 'RAM' <Latency = 1> <II = 1> <Delay = 2.32> <Storage> <Opcode : 'load' 'store'> <Ports = 2> <Width = 32> <Depth = 4> <RAM>
ST_1 : Operation 45 [2/2] (2.32ns)   --->   "%in_imag_5_load = load i2 %in_imag_5_addr" [radixfft/core.cpp:217]   --->   Operation 45 'load' 'in_imag_5_load' <Predicate = (!icmp_ln215)> <Delay = 2.32> <CoreInst = "RAM">   --->   Core 82 'RAM' <Latency = 1> <II = 1> <Delay = 2.32> <Storage> <Opcode : 'load' 'store'> <Ports = 2> <Width = 32> <Depth = 4> <RAM>
ST_1 : Operation 46 [2/2] (2.32ns)   --->   "%in_imag_6_load = load i2 %in_imag_6_addr" [radixfft/core.cpp:217]   --->   Operation 46 'load' 'in_imag_6_load' <Predicate = (!icmp_ln215)> <Delay = 2.32> <CoreInst = "RAM">   --->   Core 82 'RAM' <Latency = 1> <II = 1> <Delay = 2.32> <Storage> <Opcode : 'load' 'store'> <Ports = 2> <Width = 32> <Depth = 4> <RAM>
ST_1 : Operation 47 [2/2] (2.32ns)   --->   "%in_imag_7_load = load i2 %in_imag_7_addr" [radixfft/core.cpp:217]   --->   Operation 47 'load' 'in_imag_7_load' <Predicate = (!icmp_ln215)> <Delay = 2.32> <CoreInst = "RAM">   --->   Core 82 'RAM' <Latency = 1> <II = 1> <Delay = 2.32> <Storage> <Opcode : 'load' 'store'> <Ports = 2> <Width = 32> <Depth = 4> <RAM>
ST_1 : Operation 48 [1/1] (0.00ns)   --->   "%trunc_ln217_1 = partselect i2 @_ssdm_op_PartSelect.i2.i5.i32.i32, i5 %i_4, i32 2, i32 3" [radixfft/core.cpp:217]   --->   Operation 48 'partselect' 'trunc_ln217_1' <Predicate = (!icmp_ln215)> <Delay = 0.00>
ST_1 : Operation 49 [1/1] (0.95ns)   --->   "%switch_ln217 = switch i2 %trunc_ln217_1, void %arrayidx39.1.case.3, i2 0, void %arrayidx39.1.case.0, i2 1, void %arrayidx39.1.case.1, i2 2, void %arrayidx39.1.case.2" [radixfft/core.cpp:217]   --->   Operation 49 'switch' 'switch_ln217' <Predicate = (!icmp_ln215)> <Delay = 0.95>
ST_1 : Operation 50 [1/1] (1.58ns)   --->   "%store_ln215 = store i5 %add_ln215, i5 %i" [radixfft/core.cpp:215]   --->   Operation 50 'store' 'store_ln215' <Predicate = (!icmp_ln215)> <Delay = 1.58>
ST_1 : Operation 51 [1/1] (0.00ns)   --->   "%br_ln215 = br void %for.inc" [radixfft/core.cpp:215]   --->   Operation 51 'br' 'br_ln215' <Predicate = (!icmp_ln215)> <Delay = 0.00>
ST_1 : Operation 95 [1/1] (0.00ns)   --->   "%ret_ln0 = ret"   --->   Operation 95 'ret' 'ret_ln0' <Predicate = (icmp_ln215)> <Delay = 0.00>

State 2 <SV = 1> <Delay = 6.94>
ST_2 : Operation 52 [1/1] (0.00ns)   --->   "%trunc_ln215 = trunc i5 %i_4" [radixfft/core.cpp:215]   --->   Operation 52 'trunc' 'trunc_ln215' <Predicate = true> <Delay = 0.00>
ST_2 : Operation 53 [1/1] (0.00ns)   --->   "%specpipeline_ln216 = specpipeline void @_ssdm_op_SpecPipeline, i32 1, i32 0, i32 0, i32 0, void @empty" [radixfft/core.cpp:216]   --->   Operation 53 'specpipeline' 'specpipeline_ln216' <Predicate = true> <Delay = 0.00>
ST_2 : Operation 54 [1/1] (0.00ns)   --->   "%specloopname_ln215 = specloopname void @_ssdm_op_SpecLoopName, void @empty_25" [radixfft/core.cpp:215]   --->   Operation 54 'specloopname' 'specloopname_ln215' <Predicate = true> <Delay = 0.00>
ST_2 : Operation 55 [1/1] (0.00ns)   --->   "%zext_ln217_1 = zext i2 %trunc_ln215" [radixfft/core.cpp:217]   --->   Operation 55 'zext' 'zext_ln217_1' <Predicate = true> <Delay = 0.00>
ST_2 : Operation 56 [1/1] (0.00ns)   --->   "%e_in_real_V_11_addr = getelementptr i32 %e_in_real_V_11, i64 0, i64 %zext_ln217_1" [radixfft/core.cpp:217]   --->   Operation 56 'getelementptr' 'e_in_real_V_11_addr' <Predicate = true> <Delay = 0.00>
ST_2 : Operation 57 [1/1] (0.00ns)   --->   "%e_in_real_V_12_addr = getelementptr i32 %e_in_real_V_12, i64 0, i64 %zext_ln217_1" [radixfft/core.cpp:217]   --->   Operation 57 'getelementptr' 'e_in_real_V_12_addr' <Predicate = true> <Delay = 0.00>
ST_2 : Operation 58 [1/1] (0.00ns)   --->   "%e_in_real_V_13_addr = getelementptr i32 %e_in_real_V_13, i64 0, i64 %zext_ln217_1" [radixfft/core.cpp:217]   --->   Operation 58 'getelementptr' 'e_in_real_V_13_addr' <Predicate = true> <Delay = 0.00>
ST_2 : Operation 59 [1/1] (0.00ns)   --->   "%e_in_real_V_14_addr = getelementptr i32 %e_in_real_V_14, i64 0, i64 %zext_ln217_1" [radixfft/core.cpp:217]   --->   Operation 59 'getelementptr' 'e_in_real_V_14_addr' <Predicate = true> <Delay = 0.00>
ST_2 : Operation 60 [1/1] (0.00ns)   --->   "%e_in_imag_V_11_addr = getelementptr i32 %e_in_imag_V_11, i64 0, i64 %zext_ln217_1" [radixfft/core.cpp:217]   --->   Operation 60 'getelementptr' 'e_in_imag_V_11_addr' <Predicate = true> <Delay = 0.00>
ST_2 : Operation 61 [1/1] (0.00ns)   --->   "%e_in_imag_V_12_addr = getelementptr i32 %e_in_imag_V_12, i64 0, i64 %zext_ln217_1" [radixfft/core.cpp:217]   --->   Operation 61 'getelementptr' 'e_in_imag_V_12_addr' <Predicate = true> <Delay = 0.00>
ST_2 : Operation 62 [1/1] (0.00ns)   --->   "%e_in_imag_V_13_addr = getelementptr i32 %e_in_imag_V_13, i64 0, i64 %zext_ln217_1" [radixfft/core.cpp:217]   --->   Operation 62 'getelementptr' 'e_in_imag_V_13_addr' <Predicate = true> <Delay = 0.00>
ST_2 : Operation 63 [1/1] (0.00ns)   --->   "%e_in_imag_V_14_addr = getelementptr i32 %e_in_imag_V_14, i64 0, i64 %zext_ln217_1" [radixfft/core.cpp:217]   --->   Operation 63 'getelementptr' 'e_in_imag_V_14_addr' <Predicate = true> <Delay = 0.00>
ST_2 : Operation 64 [1/1] (0.00ns)   --->   "%trunc_ln = partselect i3 @_ssdm_op_PartSelect.i3.i5.i32.i32, i5 %i_4, i32 1, i32 3" [radixfft/core.cpp:217]   --->   Operation 64 'partselect' 'trunc_ln' <Predicate = true> <Delay = 0.00>
ST_2 : Operation 65 [1/2] (2.32ns)   --->   "%in_real_0_load = load i2 %in_real_0_addr" [radixfft/core.cpp:217]   --->   Operation 65 'load' 'in_real_0_load' <Predicate = true> <Delay = 2.32> <CoreInst = "RAM">   --->   Core 82 'RAM' <Latency = 1> <II = 1> <Delay = 2.32> <Storage> <Opcode : 'load' 'store'> <Ports = 2> <Width = 32> <Depth = 4> <RAM>
ST_2 : Operation 66 [1/2] (2.32ns)   --->   "%in_real_1_load = load i2 %in_real_1_addr" [radixfft/core.cpp:217]   --->   Operation 66 'load' 'in_real_1_load' <Predicate = true> <Delay = 2.32> <CoreInst = "RAM">   --->   Core 82 'RAM' <Latency = 1> <II = 1> <Delay = 2.32> <Storage> <Opcode : 'load' 'store'> <Ports = 2> <Width = 32> <Depth = 4> <RAM>
ST_2 : Operation 67 [1/2] (2.32ns)   --->   "%in_real_2_load = load i2 %in_real_2_addr" [radixfft/core.cpp:217]   --->   Operation 67 'load' 'in_real_2_load' <Predicate = true> <Delay = 2.32> <CoreInst = "RAM">   --->   Core 82 'RAM' <Latency = 1> <II = 1> <Delay = 2.32> <Storage> <Opcode : 'load' 'store'> <Ports = 2> <Width = 32> <Depth = 4> <RAM>
ST_2 : Operation 68 [1/2] (2.32ns)   --->   "%in_real_3_load = load i2 %in_real_3_addr" [radixfft/core.cpp:217]   --->   Operation 68 'load' 'in_real_3_load' <Predicate = true> <Delay = 2.32> <CoreInst = "RAM">   --->   Core 82 'RAM' <Latency = 1> <II = 1> <Delay = 2.32> <Storage> <Opcode : 'load' 'store'> <Ports = 2> <Width = 32> <Depth = 4> <RAM>
ST_2 : Operation 69 [1/2] (2.32ns)   --->   "%in_real_4_load = load i2 %in_real_4_addr" [radixfft/core.cpp:217]   --->   Operation 69 'load' 'in_real_4_load' <Predicate = true> <Delay = 2.32> <CoreInst = "RAM">   --->   Core 82 'RAM' <Latency = 1> <II = 1> <Delay = 2.32> <Storage> <Opcode : 'load' 'store'> <Ports = 2> <Width = 32> <Depth = 4> <RAM>
ST_2 : Operation 70 [1/2] (2.32ns)   --->   "%in_real_5_load = load i2 %in_real_5_addr" [radixfft/core.cpp:217]   --->   Operation 70 'load' 'in_real_5_load' <Predicate = true> <Delay = 2.32> <CoreInst = "RAM">   --->   Core 82 'RAM' <Latency = 1> <II = 1> <Delay = 2.32> <Storage> <Opcode : 'load' 'store'> <Ports = 2> <Width = 32> <Depth = 4> <RAM>
ST_2 : Operation 71 [1/2] (2.32ns)   --->   "%in_real_6_load = load i2 %in_real_6_addr" [radixfft/core.cpp:217]   --->   Operation 71 'load' 'in_real_6_load' <Predicate = true> <Delay = 2.32> <CoreInst = "RAM">   --->   Core 82 'RAM' <Latency = 1> <II = 1> <Delay = 2.32> <Storage> <Opcode : 'load' 'store'> <Ports = 2> <Width = 32> <Depth = 4> <RAM>
ST_2 : Operation 72 [1/2] (2.32ns)   --->   "%in_real_7_load = load i2 %in_real_7_addr" [radixfft/core.cpp:217]   --->   Operation 72 'load' 'in_real_7_load' <Predicate = true> <Delay = 2.32> <CoreInst = "RAM">   --->   Core 82 'RAM' <Latency = 1> <II = 1> <Delay = 2.32> <Storage> <Opcode : 'load' 'store'> <Ports = 2> <Width = 32> <Depth = 4> <RAM>
ST_2 : Operation 73 [1/1] (2.30ns)   --->   "%tmp = mux i32 @_ssdm_op_Mux.ap_auto.8i32.i3, i32 %in_real_0_load, i32 %in_real_1_load, i32 %in_real_2_load, i32 %in_real_3_load, i32 %in_real_4_load, i32 %in_real_5_load, i32 %in_real_6_load, i32 %in_real_7_load, i3 %trunc_ln" [radixfft/core.cpp:217]   --->   Operation 73 'mux' 'tmp' <Predicate = true> <Delay = 2.30> <CoreInst = "Multiplexer">   --->   Core 76 'Multiplexer' <Latency = 0> <II = 1> <Delay = 2.30> <FuncUnit> <Opcode : 'mux'> <InPorts = 2> <OutPorts = 1>
ST_2 : Operation 74 [1/2] (2.32ns)   --->   "%in_imag_0_load = load i2 %in_imag_0_addr" [radixfft/core.cpp:217]   --->   Operation 74 'load' 'in_imag_0_load' <Predicate = true> <Delay = 2.32> <CoreInst = "RAM">   --->   Core 82 'RAM' <Latency = 1> <II = 1> <Delay = 2.32> <Storage> <Opcode : 'load' 'store'> <Ports = 2> <Width = 32> <Depth = 4> <RAM>
ST_2 : Operation 75 [1/2] (2.32ns)   --->   "%in_imag_1_load = load i2 %in_imag_1_addr" [radixfft/core.cpp:217]   --->   Operation 75 'load' 'in_imag_1_load' <Predicate = true> <Delay = 2.32> <CoreInst = "RAM">   --->   Core 82 'RAM' <Latency = 1> <II = 1> <Delay = 2.32> <Storage> <Opcode : 'load' 'store'> <Ports = 2> <Width = 32> <Depth = 4> <RAM>
ST_2 : Operation 76 [1/2] (2.32ns)   --->   "%in_imag_2_load = load i2 %in_imag_2_addr" [radixfft/core.cpp:217]   --->   Operation 76 'load' 'in_imag_2_load' <Predicate = true> <Delay = 2.32> <CoreInst = "RAM">   --->   Core 82 'RAM' <Latency = 1> <II = 1> <Delay = 2.32> <Storage> <Opcode : 'load' 'store'> <Ports = 2> <Width = 32> <Depth = 4> <RAM>
ST_2 : Operation 77 [1/2] (2.32ns)   --->   "%in_imag_3_load = load i2 %in_imag_3_addr" [radixfft/core.cpp:217]   --->   Operation 77 'load' 'in_imag_3_load' <Predicate = true> <Delay = 2.32> <CoreInst = "RAM">   --->   Core 82 'RAM' <Latency = 1> <II = 1> <Delay = 2.32> <Storage> <Opcode : 'load' 'store'> <Ports = 2> <Width = 32> <Depth = 4> <RAM>
ST_2 : Operation 78 [1/2] (2.32ns)   --->   "%in_imag_4_load = load i2 %in_imag_4_addr" [radixfft/core.cpp:217]   --->   Operation 78 'load' 'in_imag_4_load' <Predicate = true> <Delay = 2.32> <CoreInst = "RAM">   --->   Core 82 'RAM' <Latency = 1> <II = 1> <Delay = 2.32> <Storage> <Opcode : 'load' 'store'> <Ports = 2> <Width = 32> <Depth = 4> <RAM>
ST_2 : Operation 79 [1/2] (2.32ns)   --->   "%in_imag_5_load = load i2 %in_imag_5_addr" [radixfft/core.cpp:217]   --->   Operation 79 'load' 'in_imag_5_load' <Predicate = true> <Delay = 2.32> <CoreInst = "RAM">   --->   Core 82 'RAM' <Latency = 1> <II = 1> <Delay = 2.32> <Storage> <Opcode : 'load' 'store'> <Ports = 2> <Width = 32> <Depth = 4> <RAM>
ST_2 : Operation 80 [1/2] (2.32ns)   --->   "%in_imag_6_load = load i2 %in_imag_6_addr" [radixfft/core.cpp:217]   --->   Operation 80 'load' 'in_imag_6_load' <Predicate = true> <Delay = 2.32> <CoreInst = "RAM">   --->   Core 82 'RAM' <Latency = 1> <II = 1> <Delay = 2.32> <Storage> <Opcode : 'load' 'store'> <Ports = 2> <Width = 32> <Depth = 4> <RAM>
ST_2 : Operation 81 [1/2] (2.32ns)   --->   "%in_imag_7_load = load i2 %in_imag_7_addr" [radixfft/core.cpp:217]   --->   Operation 81 'load' 'in_imag_7_load' <Predicate = true> <Delay = 2.32> <CoreInst = "RAM">   --->   Core 82 'RAM' <Latency = 1> <II = 1> <Delay = 2.32> <Storage> <Opcode : 'load' 'store'> <Ports = 2> <Width = 32> <Depth = 4> <RAM>
ST_2 : Operation 82 [1/1] (2.30ns)   --->   "%tmp_s = mux i32 @_ssdm_op_Mux.ap_auto.8i32.i3, i32 %in_imag_0_load, i32 %in_imag_1_load, i32 %in_imag_2_load, i32 %in_imag_3_load, i32 %in_imag_4_load, i32 %in_imag_5_load, i32 %in_imag_6_load, i32 %in_imag_7_load, i3 %trunc_ln" [radixfft/core.cpp:217]   --->   Operation 82 'mux' 'tmp_s' <Predicate = true> <Delay = 2.30> <CoreInst = "Multiplexer">   --->   Core 76 'Multiplexer' <Latency = 0> <II = 1> <Delay = 2.30> <FuncUnit> <Opcode : 'mux'> <InPorts = 2> <OutPorts = 1>
ST_2 : Operation 83 [1/1] (2.32ns)   --->   "%store_ln217 = store i32 %tmp, i2 %e_in_real_V_13_addr" [radixfft/core.cpp:217]   --->   Operation 83 'store' 'store_ln217' <Predicate = (trunc_ln217_1 == 2)> <Delay = 2.32> <CoreInst = "RAM">   --->   Core 82 'RAM' <Latency = 1> <II = 1> <Delay = 2.32> <Storage> <Opcode : 'load' 'store'> <Ports = 2> <Width = 32> <Depth = 4> <RAM>
ST_2 : Operation 84 [1/1] (2.32ns)   --->   "%store_ln217 = store i32 %tmp_s, i2 %e_in_imag_V_13_addr" [radixfft/core.cpp:217]   --->   Operation 84 'store' 'store_ln217' <Predicate = (trunc_ln217_1 == 2)> <Delay = 2.32> <CoreInst = "RAM">   --->   Core 82 'RAM' <Latency = 1> <II = 1> <Delay = 2.32> <Storage> <Opcode : 'load' 'store'> <Ports = 2> <Width = 32> <Depth = 4> <RAM>
ST_2 : Operation 85 [1/1] (0.00ns)   --->   "%br_ln217 = br void %arrayidx39.1.exit" [radixfft/core.cpp:217]   --->   Operation 85 'br' 'br_ln217' <Predicate = (trunc_ln217_1 == 2)> <Delay = 0.00>
ST_2 : Operation 86 [1/1] (2.32ns)   --->   "%store_ln217 = store i32 %tmp, i2 %e_in_real_V_12_addr" [radixfft/core.cpp:217]   --->   Operation 86 'store' 'store_ln217' <Predicate = (trunc_ln217_1 == 1)> <Delay = 2.32> <CoreInst = "RAM">   --->   Core 82 'RAM' <Latency = 1> <II = 1> <Delay = 2.32> <Storage> <Opcode : 'load' 'store'> <Ports = 2> <Width = 32> <Depth = 4> <RAM>
ST_2 : Operation 87 [1/1] (2.32ns)   --->   "%store_ln217 = store i32 %tmp_s, i2 %e_in_imag_V_12_addr" [radixfft/core.cpp:217]   --->   Operation 87 'store' 'store_ln217' <Predicate = (trunc_ln217_1 == 1)> <Delay = 2.32> <CoreInst = "RAM">   --->   Core 82 'RAM' <Latency = 1> <II = 1> <Delay = 2.32> <Storage> <Opcode : 'load' 'store'> <Ports = 2> <Width = 32> <Depth = 4> <RAM>
ST_2 : Operation 88 [1/1] (0.00ns)   --->   "%br_ln217 = br void %arrayidx39.1.exit" [radixfft/core.cpp:217]   --->   Operation 88 'br' 'br_ln217' <Predicate = (trunc_ln217_1 == 1)> <Delay = 0.00>
ST_2 : Operation 89 [1/1] (2.32ns)   --->   "%store_ln217 = store i32 %tmp, i2 %e_in_real_V_11_addr" [radixfft/core.cpp:217]   --->   Operation 89 'store' 'store_ln217' <Predicate = (trunc_ln217_1 == 0)> <Delay = 2.32> <CoreInst = "RAM">   --->   Core 82 'RAM' <Latency = 1> <II = 1> <Delay = 2.32> <Storage> <Opcode : 'load' 'store'> <Ports = 2> <Width = 32> <Depth = 4> <RAM>
ST_2 : Operation 90 [1/1] (2.32ns)   --->   "%store_ln217 = store i32 %tmp_s, i2 %e_in_imag_V_11_addr" [radixfft/core.cpp:217]   --->   Operation 90 'store' 'store_ln217' <Predicate = (trunc_ln217_1 == 0)> <Delay = 2.32> <CoreInst = "RAM">   --->   Core 82 'RAM' <Latency = 1> <II = 1> <Delay = 2.32> <Storage> <Opcode : 'load' 'store'> <Ports = 2> <Width = 32> <Depth = 4> <RAM>
ST_2 : Operation 91 [1/1] (0.00ns)   --->   "%br_ln217 = br void %arrayidx39.1.exit" [radixfft/core.cpp:217]   --->   Operation 91 'br' 'br_ln217' <Predicate = (trunc_ln217_1 == 0)> <Delay = 0.00>
ST_2 : Operation 92 [1/1] (2.32ns)   --->   "%store_ln217 = store i32 %tmp, i2 %e_in_real_V_14_addr" [radixfft/core.cpp:217]   --->   Operation 92 'store' 'store_ln217' <Predicate = (trunc_ln217_1 == 3)> <Delay = 2.32> <CoreInst = "RAM">   --->   Core 82 'RAM' <Latency = 1> <II = 1> <Delay = 2.32> <Storage> <Opcode : 'load' 'store'> <Ports = 2> <Width = 32> <Depth = 4> <RAM>
ST_2 : Operation 93 [1/1] (2.32ns)   --->   "%store_ln217 = store i32 %tmp_s, i2 %e_in_imag_V_14_addr" [radixfft/core.cpp:217]   --->   Operation 93 'store' 'store_ln217' <Predicate = (trunc_ln217_1 == 3)> <Delay = 2.32> <CoreInst = "RAM">   --->   Core 82 'RAM' <Latency = 1> <II = 1> <Delay = 2.32> <Storage> <Opcode : 'load' 'store'> <Ports = 2> <Width = 32> <Depth = 4> <RAM>
ST_2 : Operation 94 [1/1] (0.00ns)   --->   "%br_ln217 = br void %arrayidx39.1.exit" [radixfft/core.cpp:217]   --->   Operation 94 'br' 'br_ln217' <Predicate = (trunc_ln217_1 == 3)> <Delay = 0.00>


============================================================
+ Verbose Summary: Binding
============================================================
STG Binding: 
---------------- STG Properties BEGIN ----------------
- Is combinational: 0
- Is one-state seq: 0
- Is datapath-only: 0
- Is pipelined: 0
- Is top level: 0
Port [ Return ] is wired: 1; IO mode=ap_ctrl_hs:ce=0
Port [ e_in_imag_V_14]:  wired=1; compound=1; hidden=0; nouse=0; global=0; static=0; extern=0; dir=1; type=1; pingpong=0; private_global=0; MemPort=[03]; IO mode=ap_memory:ce=0
Port [ e_in_imag_V_13]:  wired=1; compound=1; hidden=0; nouse=0; global=0; static=0; extern=0; dir=1; type=1; pingpong=0; private_global=0; MemPort=[03]; IO mode=ap_memory:ce=0
Port [ e_in_imag_V_12]:  wired=1; compound=1; hidden=0; nouse=0; global=0; static=0; extern=0; dir=1; type=1; pingpong=0; private_global=0; MemPort=[03]; IO mode=ap_memory:ce=0
Port [ e_in_imag_V_11]:  wired=1; compound=1; hidden=0; nouse=0; global=0; static=0; extern=0; dir=1; type=1; pingpong=0; private_global=0; MemPort=[03]; IO mode=ap_memory:ce=0
Port [ e_in_real_V_14]:  wired=1; compound=1; hidden=0; nouse=0; global=0; static=0; extern=0; dir=1; type=1; pingpong=0; private_global=0; MemPort=[03]; IO mode=ap_memory:ce=0
Port [ e_in_real_V_13]:  wired=1; compound=1; hidden=0; nouse=0; global=0; static=0; extern=0; dir=1; type=1; pingpong=0; private_global=0; MemPort=[03]; IO mode=ap_memory:ce=0
Port [ e_in_real_V_12]:  wired=1; compound=1; hidden=0; nouse=0; global=0; static=0; extern=0; dir=1; type=1; pingpong=0; private_global=0; MemPort=[03]; IO mode=ap_memory:ce=0
Port [ e_in_real_V_11]:  wired=1; compound=1; hidden=0; nouse=0; global=0; static=0; extern=0; dir=1; type=1; pingpong=0; private_global=0; MemPort=[03]; IO mode=ap_memory:ce=0
Port [ in_real_0]:  wired=1; compound=1; hidden=0; nouse=0; global=0; static=0; extern=0; dir=0; type=1; pingpong=0; private_global=0; MemPort=[13]; IO mode=ap_memory:ce=0
Port [ in_real_1]:  wired=1; compound=1; hidden=0; nouse=0; global=0; static=0; extern=0; dir=0; type=1; pingpong=0; private_global=0; MemPort=[13]; IO mode=ap_memory:ce=0
Port [ in_real_2]:  wired=1; compound=1; hidden=0; nouse=0; global=0; static=0; extern=0; dir=0; type=1; pingpong=0; private_global=0; MemPort=[13]; IO mode=ap_memory:ce=0
Port [ in_real_3]:  wired=1; compound=1; hidden=0; nouse=0; global=0; static=0; extern=0; dir=0; type=1; pingpong=0; private_global=0; MemPort=[13]; IO mode=ap_memory:ce=0
Port [ in_real_4]:  wired=1; compound=1; hidden=0; nouse=0; global=0; static=0; extern=0; dir=0; type=1; pingpong=0; private_global=0; MemPort=[13]; IO mode=ap_memory:ce=0
Port [ in_real_5]:  wired=1; compound=1; hidden=0; nouse=0; global=0; static=0; extern=0; dir=0; type=1; pingpong=0; private_global=0; MemPort=[13]; IO mode=ap_memory:ce=0
Port [ in_real_6]:  wired=1; compound=1; hidden=0; nouse=0; global=0; static=0; extern=0; dir=0; type=1; pingpong=0; private_global=0; MemPort=[13]; IO mode=ap_memory:ce=0
Port [ in_real_7]:  wired=1; compound=1; hidden=0; nouse=0; global=0; static=0; extern=0; dir=0; type=1; pingpong=0; private_global=0; MemPort=[13]; IO mode=ap_memory:ce=0
Port [ in_imag_0]:  wired=1; compound=1; hidden=0; nouse=0; global=0; static=0; extern=0; dir=0; type=1; pingpong=0; private_global=0; MemPort=[13]; IO mode=ap_memory:ce=0
Port [ in_imag_1]:  wired=1; compound=1; hidden=0; nouse=0; global=0; static=0; extern=0; dir=0; type=1; pingpong=0; private_global=0; MemPort=[13]; IO mode=ap_memory:ce=0
Port [ in_imag_2]:  wired=1; compound=1; hidden=0; nouse=0; global=0; static=0; extern=0; dir=0; type=1; pingpong=0; private_global=0; MemPort=[13]; IO mode=ap_memory:ce=0
Port [ in_imag_3]:  wired=1; compound=1; hidden=0; nouse=0; global=0; static=0; extern=0; dir=0; type=1; pingpong=0; private_global=0; MemPort=[13]; IO mode=ap_memory:ce=0
Port [ in_imag_4]:  wired=1; compound=1; hidden=0; nouse=0; global=0; static=0; extern=0; dir=0; type=1; pingpong=0; private_global=0; MemPort=[13]; IO mode=ap_memory:ce=0
Port [ in_imag_5]:  wired=1; compound=1; hidden=0; nouse=0; global=0; static=0; extern=0; dir=0; type=1; pingpong=0; private_global=0; MemPort=[13]; IO mode=ap_memory:ce=0
Port [ in_imag_6]:  wired=1; compound=1; hidden=0; nouse=0; global=0; static=0; extern=0; dir=0; type=1; pingpong=0; private_global=0; MemPort=[13]; IO mode=ap_memory:ce=0
Port [ in_imag_7]:  wired=1; compound=1; hidden=0; nouse=0; global=0; static=0; extern=0; dir=0; type=1; pingpong=0; private_global=0; MemPort=[13]; IO mode=ap_memory:ce=0
---------------- STG Properties END ------------------

---------------- Datapath Model BEGIN ----------------

<LifeTime>
<method=bitvector/>
i                   (alloca           ) [ 010]
store_ln0           (store            ) [ 000]
br_ln0              (br               ) [ 000]
i_4                 (load             ) [ 011]
icmp_ln215          (icmp             ) [ 010]
empty               (speclooptripcount) [ 000]
add_ln215           (add              ) [ 000]
br_ln215            (br               ) [ 000]
trunc_ln217         (trunc            ) [ 000]
shl_ln              (bitconcatenate   ) [ 000]
zext_ln217          (zext             ) [ 000]
in_real_0_addr      (getelementptr    ) [ 011]
in_real_1_addr      (getelementptr    ) [ 011]
in_real_2_addr      (getelementptr    ) [ 011]
in_real_3_addr      (getelementptr    ) [ 011]
in_real_4_addr      (getelementptr    ) [ 011]
in_real_5_addr      (getelementptr    ) [ 011]
in_real_6_addr      (getelementptr    ) [ 011]
in_real_7_addr      (getelementptr    ) [ 011]
in_imag_0_addr      (getelementptr    ) [ 011]
in_imag_1_addr      (getelementptr    ) [ 011]
in_imag_2_addr      (getelementptr    ) [ 011]
in_imag_3_addr      (getelementptr    ) [ 011]
in_imag_4_addr      (getelementptr    ) [ 011]
in_imag_5_addr      (getelementptr    ) [ 011]
in_imag_6_addr      (getelementptr    ) [ 011]
in_imag_7_addr      (getelementptr    ) [ 011]
trunc_ln217_1       (partselect       ) [ 011]
switch_ln217        (switch           ) [ 000]
store_ln215         (store            ) [ 000]
br_ln215            (br               ) [ 000]
trunc_ln215         (trunc            ) [ 000]
specpipeline_ln216  (specpipeline     ) [ 000]
specloopname_ln215  (specloopname     ) [ 000]
zext_ln217_1        (zext             ) [ 000]
e_in_real_V_11_addr (getelementptr    ) [ 000]
e_in_real_V_12_addr (getelementptr    ) [ 000]
e_in_real_V_13_addr (getelementptr    ) [ 000]
e_in_real_V_14_addr (getelementptr    ) [ 000]
e_in_imag_V_11_addr (getelementptr    ) [ 000]
e_in_imag_V_12_addr (getelementptr    ) [ 000]
e_in_imag_V_13_addr (getelementptr    ) [ 000]
e_in_imag_V_14_addr (getelementptr    ) [ 000]
trunc_ln            (partselect       ) [ 000]
in_real_0_load      (load             ) [ 000]
in_real_1_load      (load             ) [ 000]
in_real_2_load      (load             ) [ 000]
in_real_3_load      (load             ) [ 000]
in_real_4_load      (load             ) [ 000]
in_real_5_load      (load             ) [ 000]
in_real_6_load      (load             ) [ 000]
in_real_7_load      (load             ) [ 000]
tmp                 (mux              ) [ 000]
in_imag_0_load      (load             ) [ 000]
in_imag_1_load      (load             ) [ 000]
in_imag_2_load      (load             ) [ 000]
in_imag_3_load      (load             ) [ 000]
in_imag_4_load      (load             ) [ 000]
in_imag_5_load      (load             ) [ 000]
in_imag_6_load      (load             ) [ 000]
in_imag_7_load      (load             ) [ 000]
tmp_s               (mux              ) [ 000]
store_ln217         (store            ) [ 000]
store_ln217         (store            ) [ 000]
br_ln217            (br               ) [ 000]
store_ln217         (store            ) [ 000]
store_ln217         (store            ) [ 000]
br_ln217            (br               ) [ 000]
store_ln217         (store            ) [ 000]
store_ln217         (store            ) [ 000]
br_ln217            (br               ) [ 000]
store_ln217         (store            ) [ 000]
store_ln217         (store            ) [ 000]
br_ln217            (br               ) [ 000]
ret_ln0             (ret              ) [ 000]
</LifeTime>

<model>

<comp_list>
<comp id="0" class="1000" name="e_in_imag_V_14">
<pin_list>
<pin id="1" dir="1" index="0" bw="1" slack="0"/>
</pin_list>
<bind>
<StgValue><ssdm name="e_in_imag_V_14"/><MemPortTyVec>0 3 </MemPortTyVec>
</StgValue>
</bind>
</comp>

<comp id="2" class="1000" name="e_in_imag_V_13">
<pin_list>
<pin id="3" dir="1" index="0" bw="1" slack="0"/>
</pin_list>
<bind>
<StgValue><ssdm name="e_in_imag_V_13"/><MemPortTyVec>0 3 </MemPortTyVec>
</StgValue>
</bind>
</comp>

<comp id="4" class="1000" name="e_in_imag_V_12">
<pin_list>
<pin id="5" dir="1" index="0" bw="1" slack="0"/>
</pin_list>
<bind>
<StgValue><ssdm name="e_in_imag_V_12"/><MemPortTyVec>0 3 </MemPortTyVec>
</StgValue>
</bind>
</comp>

<comp id="6" class="1000" name="e_in_imag_V_11">
<pin_list>
<pin id="7" dir="1" index="0" bw="1" slack="0"/>
</pin_list>
<bind>
<StgValue><ssdm name="e_in_imag_V_11"/><MemPortTyVec>0 3 </MemPortTyVec>
</StgValue>
</bind>
</comp>

<comp id="8" class="1000" name="e_in_real_V_14">
<pin_list>
<pin id="9" dir="1" index="0" bw="1" slack="0"/>
</pin_list>
<bind>
<StgValue><ssdm name="e_in_real_V_14"/><MemPortTyVec>0 3 </MemPortTyVec>
</StgValue>
</bind>
</comp>

<comp id="10" class="1000" name="e_in_real_V_13">
<pin_list>
<pin id="11" dir="1" index="0" bw="1" slack="0"/>
</pin_list>
<bind>
<StgValue><ssdm name="e_in_real_V_13"/><MemPortTyVec>0 3 </MemPortTyVec>
</StgValue>
</bind>
</comp>

<comp id="12" class="1000" name="e_in_real_V_12">
<pin_list>
<pin id="13" dir="1" index="0" bw="1" slack="0"/>
</pin_list>
<bind>
<StgValue><ssdm name="e_in_real_V_12"/><MemPortTyVec>0 3 </MemPortTyVec>
</StgValue>
</bind>
</comp>

<comp id="14" class="1000" name="e_in_real_V_11">
<pin_list>
<pin id="15" dir="1" index="0" bw="1" slack="0"/>
</pin_list>
<bind>
<StgValue><ssdm name="e_in_real_V_11"/><MemPortTyVec>0 3 </MemPortTyVec>
</StgValue>
</bind>
</comp>

<comp id="16" class="1000" name="in_real_0">
<pin_list>
<pin id="17" dir="1" index="0" bw="1" slack="0"/>
</pin_list>
<bind>
<StgValue><ssdm name="in_real_0"/><MemPortTyVec>1 3 </MemPortTyVec>
</StgValue>
</bind>
</comp>

<comp id="18" class="1000" name="in_real_1">
<pin_list>
<pin id="19" dir="1" index="0" bw="1" slack="0"/>
</pin_list>
<bind>
<StgValue><ssdm name="in_real_1"/><MemPortTyVec>1 3 </MemPortTyVec>
</StgValue>
</bind>
</comp>

<comp id="20" class="1000" name="in_real_2">
<pin_list>
<pin id="21" dir="1" index="0" bw="1" slack="0"/>
</pin_list>
<bind>
<StgValue><ssdm name="in_real_2"/><MemPortTyVec>1 3 </MemPortTyVec>
</StgValue>
</bind>
</comp>

<comp id="22" class="1000" name="in_real_3">
<pin_list>
<pin id="23" dir="1" index="0" bw="1" slack="0"/>
</pin_list>
<bind>
<StgValue><ssdm name="in_real_3"/><MemPortTyVec>1 3 </MemPortTyVec>
</StgValue>
</bind>
</comp>

<comp id="24" class="1000" name="in_real_4">
<pin_list>
<pin id="25" dir="1" index="0" bw="1" slack="0"/>
</pin_list>
<bind>
<StgValue><ssdm name="in_real_4"/><MemPortTyVec>1 3 </MemPortTyVec>
</StgValue>
</bind>
</comp>

<comp id="26" class="1000" name="in_real_5">
<pin_list>
<pin id="27" dir="1" index="0" bw="1" slack="0"/>
</pin_list>
<bind>
<StgValue><ssdm name="in_real_5"/><MemPortTyVec>1 3 </MemPortTyVec>
</StgValue>
</bind>
</comp>

<comp id="28" class="1000" name="in_real_6">
<pin_list>
<pin id="29" dir="1" index="0" bw="1" slack="0"/>
</pin_list>
<bind>
<StgValue><ssdm name="in_real_6"/><MemPortTyVec>1 3 </MemPortTyVec>
</StgValue>
</bind>
</comp>

<comp id="30" class="1000" name="in_real_7">
<pin_list>
<pin id="31" dir="1" index="0" bw="1" slack="0"/>
</pin_list>
<bind>
<StgValue><ssdm name="in_real_7"/><MemPortTyVec>1 3 </MemPortTyVec>
</StgValue>
</bind>
</comp>

<comp id="32" class="1000" name="in_imag_0">
<pin_list>
<pin id="33" dir="1" index="0" bw="1" slack="0"/>
</pin_list>
<bind>
<StgValue><ssdm name="in_imag_0"/><MemPortTyVec>1 3 </MemPortTyVec>
</StgValue>
</bind>
</comp>

<comp id="34" class="1000" name="in_imag_1">
<pin_list>
<pin id="35" dir="1" index="0" bw="1" slack="0"/>
</pin_list>
<bind>
<StgValue><ssdm name="in_imag_1"/><MemPortTyVec>1 3 </MemPortTyVec>
</StgValue>
</bind>
</comp>

<comp id="36" class="1000" name="in_imag_2">
<pin_list>
<pin id="37" dir="1" index="0" bw="1" slack="0"/>
</pin_list>
<bind>
<StgValue><ssdm name="in_imag_2"/><MemPortTyVec>1 3 </MemPortTyVec>
</StgValue>
</bind>
</comp>

<comp id="38" class="1000" name="in_imag_3">
<pin_list>
<pin id="39" dir="1" index="0" bw="1" slack="0"/>
</pin_list>
<bind>
<StgValue><ssdm name="in_imag_3"/><MemPortTyVec>1 3 </MemPortTyVec>
</StgValue>
</bind>
</comp>

<comp id="40" class="1000" name="in_imag_4">
<pin_list>
<pin id="41" dir="1" index="0" bw="1" slack="0"/>
</pin_list>
<bind>
<StgValue><ssdm name="in_imag_4"/><MemPortTyVec>1 3 </MemPortTyVec>
</StgValue>
</bind>
</comp>

<comp id="42" class="1000" name="in_imag_5">
<pin_list>
<pin id="43" dir="1" index="0" bw="1" slack="0"/>
</pin_list>
<bind>
<StgValue><ssdm name="in_imag_5"/><MemPortTyVec>1 3 </MemPortTyVec>
</StgValue>
</bind>
</comp>

<comp id="44" class="1000" name="in_imag_6">
<pin_list>
<pin id="45" dir="1" index="0" bw="1" slack="0"/>
</pin_list>
<bind>
<StgValue><ssdm name="in_imag_6"/><MemPortTyVec>1 3 </MemPortTyVec>
</StgValue>
</bind>
</comp>

<comp id="46" class="1000" name="in_imag_7">
<pin_list>
<pin id="47" dir="1" index="0" bw="1" slack="0"/>
</pin_list>
<bind>
<StgValue><ssdm name="in_imag_7"/><MemPortTyVec>1 3 </MemPortTyVec>
</StgValue>
</bind>
</comp>

<comp id="48" class="1001" name="const_48">
<pin_list>
<pin id="49" dir="1" index="0" bw="1" slack="0"/>
</pin_list>
<bind>
<StgValue><ssdm name=""/></StgValue>
</bind>
</comp>

<comp id="50" class="1001" name="const_50">
<pin_list>
<pin id="51" dir="1" index="0" bw="1" slack="0"/>
</pin_list>
<bind>
<StgValue><ssdm name=""/></StgValue>
</bind>
</comp>

<comp id="52" class="1001" name="const_52">
<pin_list>
<pin id="53" dir="1" index="0" bw="1" slack="0"/>
</pin_list>
<bind>
<StgValue><ssdm name=""/></StgValue>
</bind>
</comp>

<comp id="54" class="1001" name="const_54">
<pin_list>
<pin id="55" dir="1" index="0" bw="1" slack="2147483647"/>
</pin_list>
<bind>
<StgValue><ssdm name="_ssdm_op_SpecLoopTripCount"/></StgValue>
</bind>
</comp>

<comp id="56" class="1001" name="const_56">
<pin_list>
<pin id="57" dir="1" index="0" bw="1" slack="2147483647"/>
</pin_list>
<bind>
<StgValue><ssdm name=""/></StgValue>
</bind>
</comp>

<comp id="58" class="1001" name="const_58">
<pin_list>
<pin id="59" dir="1" index="0" bw="1" slack="0"/>
</pin_list>
<bind>
<StgValue><ssdm name=""/></StgValue>
</bind>
</comp>

<comp id="60" class="1001" name="const_60">
<pin_list>
<pin id="61" dir="1" index="0" bw="1" slack="0"/>
</pin_list>
<bind>
<StgValue><ssdm name="_ssdm_op_BitConcatenate.i2.i1.i1"/></StgValue>
</bind>
</comp>

<comp id="62" class="1001" name="const_62">
<pin_list>
<pin id="63" dir="1" index="0" bw="1" slack="0"/>
</pin_list>
<bind>
<StgValue><ssdm name=""/></StgValue>
</bind>
</comp>

<comp id="64" class="1001" name="const_64">
<pin_list>
<pin id="65" dir="1" index="0" bw="1" slack="0"/>
</pin_list>
<bind>
<StgValue><ssdm name=""/></StgValue>
</bind>
</comp>

<comp id="66" class="1001" name="const_66">
<pin_list>
<pin id="67" dir="1" index="0" bw="1" slack="0"/>
</pin_list>
<bind>
<StgValue><ssdm name="_ssdm_op_PartSelect.i2.i5.i32.i32"/></StgValue>
</bind>
</comp>

<comp id="68" class="1001" name="const_68">
<pin_list>
<pin id="69" dir="1" index="0" bw="1" slack="0"/>
</pin_list>
<bind>
<StgValue><ssdm name=""/></StgValue>
</bind>
</comp>

<comp id="70" class="1001" name="const_70">
<pin_list>
<pin id="71" dir="1" index="0" bw="1" slack="0"/>
</pin_list>
<bind>
<StgValue><ssdm name=""/></StgValue>
</bind>
</comp>

<comp id="72" class="1001" name="const_72">
<pin_list>
<pin id="73" dir="1" index="0" bw="1" slack="2147483647"/>
</pin_list>
<bind>
<StgValue><ssdm name=""/></StgValue>
</bind>
</comp>

<comp id="74" class="1001" name="const_74">
<pin_list>
<pin id="75" dir="1" index="0" bw="1" slack="2147483647"/>
</pin_list>
<bind>
<StgValue><ssdm name=""/></StgValue>
</bind>
</comp>

<comp id="76" class="1001" name="const_76">
<pin_list>
<pin id="77" dir="1" index="0" bw="1" slack="2147483647"/>
</pin_list>
<bind>
<StgValue><ssdm name=""/></StgValue>
</bind>
</comp>

<comp id="78" class="1001" name="const_78">
<pin_list>
<pin id="79" dir="1" index="0" bw="1" slack="2147483647"/>
</pin_list>
<bind>
<StgValue><ssdm name="_ssdm_op_SpecPipeline"/></StgValue>
</bind>
</comp>

<comp id="80" class="1001" name="const_80">
<pin_list>
<pin id="81" dir="1" index="0" bw="1" slack="2147483647"/>
</pin_list>
<bind>
<StgValue><ssdm name=""/></StgValue>
</bind>
</comp>

<comp id="82" class="1001" name="const_82">
<pin_list>
<pin id="83" dir="1" index="0" bw="1" slack="2147483647"/>
</pin_list>
<bind>
<StgValue><ssdm name="empty"/></StgValue>
</bind>
</comp>

<comp id="84" class="1001" name="const_84">
<pin_list>
<pin id="85" dir="1" index="0" bw="1" slack="2147483647"/>
</pin_list>
<bind>
<StgValue><ssdm name="_ssdm_op_SpecLoopName"/></StgValue>
</bind>
</comp>

<comp id="86" class="1001" name="const_86">
<pin_list>
<pin id="87" dir="1" index="0" bw="1" slack="2147483647"/>
</pin_list>
<bind>
<StgValue><ssdm name="empty_25"/></StgValue>
</bind>
</comp>

<comp id="88" class="1001" name="const_88">
<pin_list>
<pin id="89" dir="1" index="0" bw="1" slack="0"/>
</pin_list>
<bind>
<StgValue><ssdm name="_ssdm_op_PartSelect.i3.i5.i32.i32"/></StgValue>
</bind>
</comp>

<comp id="90" class="1001" name="const_90">
<pin_list>
<pin id="91" dir="1" index="0" bw="1" slack="0"/>
</pin_list>
<bind>
<StgValue><ssdm name="_ssdm_op_Mux.ap_auto.8i32.i3"/></StgValue>
</bind>
</comp>

<comp id="92" class="1004" name="i_fu_92">
<pin_list>
<pin id="93" dir="0" index="0" bw="1" slack="0"/>
<pin id="94" dir="1" index="1" bw="5" slack="0"/>
</pin_list>
<bind>
<opcode="alloca(26) " fcode="alloca"/>
<opset="i/1 "/>
</bind>
</comp>

<comp id="96" class="1004" name="in_real_0_addr_gep_fu_96">
<pin_list>
<pin id="97" dir="0" index="0" bw="32" slack="0"/>
<pin id="98" dir="0" index="1" bw="1" slack="0"/>
<pin id="99" dir="0" index="2" bw="2" slack="0"/>
<pin id="100" dir="1" index="3" bw="2" slack="0"/>
</pin_list>
<bind>
<opcode="getelementptr(29) " fcode="getelementptr"/>
<opset="in_real_0_addr/1 "/>
</bind>
</comp>

<comp id="103" class="1004" name="in_real_1_addr_gep_fu_103">
<pin_list>
<pin id="104" dir="0" index="0" bw="32" slack="0"/>
<pin id="105" dir="0" index="1" bw="1" slack="0"/>
<pin id="106" dir="0" index="2" bw="2" slack="0"/>
<pin id="107" dir="1" index="3" bw="2" slack="0"/>
</pin_list>
<bind>
<opcode="getelementptr(29) " fcode="getelementptr"/>
<opset="in_real_1_addr/1 "/>
</bind>
</comp>

<comp id="110" class="1004" name="in_real_2_addr_gep_fu_110">
<pin_list>
<pin id="111" dir="0" index="0" bw="32" slack="0"/>
<pin id="112" dir="0" index="1" bw="1" slack="0"/>
<pin id="113" dir="0" index="2" bw="2" slack="0"/>
<pin id="114" dir="1" index="3" bw="2" slack="0"/>
</pin_list>
<bind>
<opcode="getelementptr(29) " fcode="getelementptr"/>
<opset="in_real_2_addr/1 "/>
</bind>
</comp>

<comp id="117" class="1004" name="in_real_3_addr_gep_fu_117">
<pin_list>
<pin id="118" dir="0" index="0" bw="32" slack="0"/>
<pin id="119" dir="0" index="1" bw="1" slack="0"/>
<pin id="120" dir="0" index="2" bw="2" slack="0"/>
<pin id="121" dir="1" index="3" bw="2" slack="0"/>
</pin_list>
<bind>
<opcode="getelementptr(29) " fcode="getelementptr"/>
<opset="in_real_3_addr/1 "/>
</bind>
</comp>

<comp id="124" class="1004" name="in_real_4_addr_gep_fu_124">
<pin_list>
<pin id="125" dir="0" index="0" bw="32" slack="0"/>
<pin id="126" dir="0" index="1" bw="1" slack="0"/>
<pin id="127" dir="0" index="2" bw="2" slack="0"/>
<pin id="128" dir="1" index="3" bw="2" slack="0"/>
</pin_list>
<bind>
<opcode="getelementptr(29) " fcode="getelementptr"/>
<opset="in_real_4_addr/1 "/>
</bind>
</comp>

<comp id="131" class="1004" name="in_real_5_addr_gep_fu_131">
<pin_list>
<pin id="132" dir="0" index="0" bw="32" slack="0"/>
<pin id="133" dir="0" index="1" bw="1" slack="0"/>
<pin id="134" dir="0" index="2" bw="2" slack="0"/>
<pin id="135" dir="1" index="3" bw="2" slack="0"/>
</pin_list>
<bind>
<opcode="getelementptr(29) " fcode="getelementptr"/>
<opset="in_real_5_addr/1 "/>
</bind>
</comp>

<comp id="138" class="1004" name="in_real_6_addr_gep_fu_138">
<pin_list>
<pin id="139" dir="0" index="0" bw="32" slack="0"/>
<pin id="140" dir="0" index="1" bw="1" slack="0"/>
<pin id="141" dir="0" index="2" bw="2" slack="0"/>
<pin id="142" dir="1" index="3" bw="2" slack="0"/>
</pin_list>
<bind>
<opcode="getelementptr(29) " fcode="getelementptr"/>
<opset="in_real_6_addr/1 "/>
</bind>
</comp>

<comp id="145" class="1004" name="in_real_7_addr_gep_fu_145">
<pin_list>
<pin id="146" dir="0" index="0" bw="32" slack="0"/>
<pin id="147" dir="0" index="1" bw="1" slack="0"/>
<pin id="148" dir="0" index="2" bw="2" slack="0"/>
<pin id="149" dir="1" index="3" bw="2" slack="0"/>
</pin_list>
<bind>
<opcode="getelementptr(29) " fcode="getelementptr"/>
<opset="in_real_7_addr/1 "/>
</bind>
</comp>

<comp id="152" class="1004" name="in_imag_0_addr_gep_fu_152">
<pin_list>
<pin id="153" dir="0" index="0" bw="32" slack="0"/>
<pin id="154" dir="0" index="1" bw="1" slack="0"/>
<pin id="155" dir="0" index="2" bw="2" slack="0"/>
<pin id="156" dir="1" index="3" bw="2" slack="0"/>
</pin_list>
<bind>
<opcode="getelementptr(29) " fcode="getelementptr"/>
<opset="in_imag_0_addr/1 "/>
</bind>
</comp>

<comp id="159" class="1004" name="in_imag_1_addr_gep_fu_159">
<pin_list>
<pin id="160" dir="0" index="0" bw="32" slack="0"/>
<pin id="161" dir="0" index="1" bw="1" slack="0"/>
<pin id="162" dir="0" index="2" bw="2" slack="0"/>
<pin id="163" dir="1" index="3" bw="2" slack="0"/>
</pin_list>
<bind>
<opcode="getelementptr(29) " fcode="getelementptr"/>
<opset="in_imag_1_addr/1 "/>
</bind>
</comp>

<comp id="166" class="1004" name="in_imag_2_addr_gep_fu_166">
<pin_list>
<pin id="167" dir="0" index="0" bw="32" slack="0"/>
<pin id="168" dir="0" index="1" bw="1" slack="0"/>
<pin id="169" dir="0" index="2" bw="2" slack="0"/>
<pin id="170" dir="1" index="3" bw="2" slack="0"/>
</pin_list>
<bind>
<opcode="getelementptr(29) " fcode="getelementptr"/>
<opset="in_imag_2_addr/1 "/>
</bind>
</comp>

<comp id="173" class="1004" name="in_imag_3_addr_gep_fu_173">
<pin_list>
<pin id="174" dir="0" index="0" bw="32" slack="0"/>
<pin id="175" dir="0" index="1" bw="1" slack="0"/>
<pin id="176" dir="0" index="2" bw="2" slack="0"/>
<pin id="177" dir="1" index="3" bw="2" slack="0"/>
</pin_list>
<bind>
<opcode="getelementptr(29) " fcode="getelementptr"/>
<opset="in_imag_3_addr/1 "/>
</bind>
</comp>

<comp id="180" class="1004" name="in_imag_4_addr_gep_fu_180">
<pin_list>
<pin id="181" dir="0" index="0" bw="32" slack="0"/>
<pin id="182" dir="0" index="1" bw="1" slack="0"/>
<pin id="183" dir="0" index="2" bw="2" slack="0"/>
<pin id="184" dir="1" index="3" bw="2" slack="0"/>
</pin_list>
<bind>
<opcode="getelementptr(29) " fcode="getelementptr"/>
<opset="in_imag_4_addr/1 "/>
</bind>
</comp>

<comp id="187" class="1004" name="in_imag_5_addr_gep_fu_187">
<pin_list>
<pin id="188" dir="0" index="0" bw="32" slack="0"/>
<pin id="189" dir="0" index="1" bw="1" slack="0"/>
<pin id="190" dir="0" index="2" bw="2" slack="0"/>
<pin id="191" dir="1" index="3" bw="2" slack="0"/>
</pin_list>
<bind>
<opcode="getelementptr(29) " fcode="getelementptr"/>
<opset="in_imag_5_addr/1 "/>
</bind>
</comp>

<comp id="194" class="1004" name="in_imag_6_addr_gep_fu_194">
<pin_list>
<pin id="195" dir="0" index="0" bw="32" slack="0"/>
<pin id="196" dir="0" index="1" bw="1" slack="0"/>
<pin id="197" dir="0" index="2" bw="2" slack="0"/>
<pin id="198" dir="1" index="3" bw="2" slack="0"/>
</pin_list>
<bind>
<opcode="getelementptr(29) " fcode="getelementptr"/>
<opset="in_imag_6_addr/1 "/>
</bind>
</comp>

<comp id="201" class="1004" name="in_imag_7_addr_gep_fu_201">
<pin_list>
<pin id="202" dir="0" index="0" bw="32" slack="0"/>
<pin id="203" dir="0" index="1" bw="1" slack="0"/>
<pin id="204" dir="0" index="2" bw="2" slack="0"/>
<pin id="205" dir="1" index="3" bw="2" slack="0"/>
</pin_list>
<bind>
<opcode="getelementptr(29) " fcode="getelementptr"/>
<opset="in_imag_7_addr/1 "/>
</bind>
</comp>

<comp id="208" class="1004" name="grp_access_fu_208">
<pin_list>
<pin id="209" dir="0" index="0" bw="2" slack="0"/>
<pin id="210" dir="0" index="1" bw="32" slack="2147483647"/>
<pin id="211" dir="0" index="2" bw="0" slack="2147483647"/>
<pin id="212" dir="1" index="3" bw="32" slack="0"/>
</pin_list>
<bind>
<opcode="load(27) " fcode="load"/>
<opset="in_real_0_load/1 "/>
</bind>
</comp>

<comp id="214" class="1004" name="grp_access_fu_214">
<pin_list>
<pin id="215" dir="0" index="0" bw="2" slack="0"/>
<pin id="216" dir="0" index="1" bw="32" slack="2147483647"/>
<pin id="217" dir="0" index="2" bw="0" slack="2147483647"/>
<pin id="218" dir="1" index="3" bw="32" slack="0"/>
</pin_list>
<bind>
<opcode="load(27) " fcode="load"/>
<opset="in_real_1_load/1 "/>
</bind>
</comp>

<comp id="220" class="1004" name="grp_access_fu_220">
<pin_list>
<pin id="221" dir="0" index="0" bw="2" slack="0"/>
<pin id="222" dir="0" index="1" bw="32" slack="2147483647"/>
<pin id="223" dir="0" index="2" bw="0" slack="2147483647"/>
<pin id="224" dir="1" index="3" bw="32" slack="0"/>
</pin_list>
<bind>
<opcode="load(27) " fcode="load"/>
<opset="in_real_2_load/1 "/>
</bind>
</comp>

<comp id="226" class="1004" name="grp_access_fu_226">
<pin_list>
<pin id="227" dir="0" index="0" bw="2" slack="0"/>
<pin id="228" dir="0" index="1" bw="32" slack="2147483647"/>
<pin id="229" dir="0" index="2" bw="0" slack="2147483647"/>
<pin id="230" dir="1" index="3" bw="32" slack="0"/>
</pin_list>
<bind>
<opcode="load(27) " fcode="load"/>
<opset="in_real_3_load/1 "/>
</bind>
</comp>

<comp id="232" class="1004" name="grp_access_fu_232">
<pin_list>
<pin id="233" dir="0" index="0" bw="2" slack="0"/>
<pin id="234" dir="0" index="1" bw="32" slack="2147483647"/>
<pin id="235" dir="0" index="2" bw="0" slack="2147483647"/>
<pin id="236" dir="1" index="3" bw="32" slack="0"/>
</pin_list>
<bind>
<opcode="load(27) " fcode="load"/>
<opset="in_real_4_load/1 "/>
</bind>
</comp>

<comp id="238" class="1004" name="grp_access_fu_238">
<pin_list>
<pin id="239" dir="0" index="0" bw="2" slack="0"/>
<pin id="240" dir="0" index="1" bw="32" slack="2147483647"/>
<pin id="241" dir="0" index="2" bw="0" slack="2147483647"/>
<pin id="242" dir="1" index="3" bw="32" slack="0"/>
</pin_list>
<bind>
<opcode="load(27) " fcode="load"/>
<opset="in_real_5_load/1 "/>
</bind>
</comp>

<comp id="244" class="1004" name="grp_access_fu_244">
<pin_list>
<pin id="245" dir="0" index="0" bw="2" slack="0"/>
<pin id="246" dir="0" index="1" bw="32" slack="2147483647"/>
<pin id="247" dir="0" index="2" bw="0" slack="2147483647"/>
<pin id="248" dir="1" index="3" bw="32" slack="0"/>
</pin_list>
<bind>
<opcode="load(27) " fcode="load"/>
<opset="in_real_6_load/1 "/>
</bind>
</comp>

<comp id="250" class="1004" name="grp_access_fu_250">
<pin_list>
<pin id="251" dir="0" index="0" bw="2" slack="0"/>
<pin id="252" dir="0" index="1" bw="32" slack="2147483647"/>
<pin id="253" dir="0" index="2" bw="0" slack="2147483647"/>
<pin id="254" dir="1" index="3" bw="32" slack="0"/>
</pin_list>
<bind>
<opcode="load(27) " fcode="load"/>
<opset="in_real_7_load/1 "/>
</bind>
</comp>

<comp id="256" class="1004" name="grp_access_fu_256">
<pin_list>
<pin id="257" dir="0" index="0" bw="2" slack="0"/>
<pin id="258" dir="0" index="1" bw="32" slack="2147483647"/>
<pin id="259" dir="0" index="2" bw="0" slack="2147483647"/>
<pin id="260" dir="1" index="3" bw="32" slack="0"/>
</pin_list>
<bind>
<opcode="load(27) " fcode="load"/>
<opset="in_imag_0_load/1 "/>
</bind>
</comp>

<comp id="262" class="1004" name="grp_access_fu_262">
<pin_list>
<pin id="263" dir="0" index="0" bw="2" slack="0"/>
<pin id="264" dir="0" index="1" bw="32" slack="2147483647"/>
<pin id="265" dir="0" index="2" bw="0" slack="2147483647"/>
<pin id="266" dir="1" index="3" bw="32" slack="0"/>
</pin_list>
<bind>
<opcode="load(27) " fcode="load"/>
<opset="in_imag_1_load/1 "/>
</bind>
</comp>

<comp id="268" class="1004" name="grp_access_fu_268">
<pin_list>
<pin id="269" dir="0" index="0" bw="2" slack="0"/>
<pin id="270" dir="0" index="1" bw="32" slack="2147483647"/>
<pin id="271" dir="0" index="2" bw="0" slack="2147483647"/>
<pin id="272" dir="1" index="3" bw="32" slack="0"/>
</pin_list>
<bind>
<opcode="load(27) " fcode="load"/>
<opset="in_imag_2_load/1 "/>
</bind>
</comp>

<comp id="274" class="1004" name="grp_access_fu_274">
<pin_list>
<pin id="275" dir="0" index="0" bw="2" slack="0"/>
<pin id="276" dir="0" index="1" bw="32" slack="2147483647"/>
<pin id="277" dir="0" index="2" bw="0" slack="2147483647"/>
<pin id="278" dir="1" index="3" bw="32" slack="0"/>
</pin_list>
<bind>
<opcode="load(27) " fcode="load"/>
<opset="in_imag_3_load/1 "/>
</bind>
</comp>

<comp id="280" class="1004" name="grp_access_fu_280">
<pin_list>
<pin id="281" dir="0" index="0" bw="2" slack="0"/>
<pin id="282" dir="0" index="1" bw="32" slack="2147483647"/>
<pin id="283" dir="0" index="2" bw="0" slack="2147483647"/>
<pin id="284" dir="1" index="3" bw="32" slack="0"/>
</pin_list>
<bind>
<opcode="load(27) " fcode="load"/>
<opset="in_imag_4_load/1 "/>
</bind>
</comp>

<comp id="286" class="1004" name="grp_access_fu_286">
<pin_list>
<pin id="287" dir="0" index="0" bw="2" slack="0"/>
<pin id="288" dir="0" index="1" bw="32" slack="2147483647"/>
<pin id="289" dir="0" index="2" bw="0" slack="2147483647"/>
<pin id="290" dir="1" index="3" bw="32" slack="0"/>
</pin_list>
<bind>
<opcode="load(27) " fcode="load"/>
<opset="in_imag_5_load/1 "/>
</bind>
</comp>

<comp id="292" class="1004" name="grp_access_fu_292">
<pin_list>
<pin id="293" dir="0" index="0" bw="2" slack="0"/>
<pin id="294" dir="0" index="1" bw="32" slack="2147483647"/>
<pin id="295" dir="0" index="2" bw="0" slack="2147483647"/>
<pin id="296" dir="1" index="3" bw="32" slack="0"/>
</pin_list>
<bind>
<opcode="load(27) " fcode="load"/>
<opset="in_imag_6_load/1 "/>
</bind>
</comp>

<comp id="298" class="1004" name="grp_access_fu_298">
<pin_list>
<pin id="299" dir="0" index="0" bw="2" slack="0"/>
<pin id="300" dir="0" index="1" bw="32" slack="2147483647"/>
<pin id="301" dir="0" index="2" bw="0" slack="2147483647"/>
<pin id="302" dir="1" index="3" bw="32" slack="0"/>
</pin_list>
<bind>
<opcode="load(27) " fcode="load"/>
<opset="in_imag_7_load/1 "/>
</bind>
</comp>

<comp id="304" class="1004" name="e_in_real_V_11_addr_gep_fu_304">
<pin_list>
<pin id="305" dir="0" index="0" bw="32" slack="0"/>
<pin id="306" dir="0" index="1" bw="1" slack="0"/>
<pin id="307" dir="0" index="2" bw="2" slack="0"/>
<pin id="308" dir="1" index="3" bw="2" slack="0"/>
</pin_list>
<bind>
<opcode="getelementptr(29) " fcode="getelementptr"/>
<opset="e_in_real_V_11_addr/2 "/>
</bind>
</comp>

<comp id="311" class="1004" name="e_in_real_V_12_addr_gep_fu_311">
<pin_list>
<pin id="312" dir="0" index="0" bw="32" slack="0"/>
<pin id="313" dir="0" index="1" bw="1" slack="0"/>
<pin id="314" dir="0" index="2" bw="2" slack="0"/>
<pin id="315" dir="1" index="3" bw="2" slack="0"/>
</pin_list>
<bind>
<opcode="getelementptr(29) " fcode="getelementptr"/>
<opset="e_in_real_V_12_addr/2 "/>
</bind>
</comp>

<comp id="318" class="1004" name="e_in_real_V_13_addr_gep_fu_318">
<pin_list>
<pin id="319" dir="0" index="0" bw="32" slack="0"/>
<pin id="320" dir="0" index="1" bw="1" slack="0"/>
<pin id="321" dir="0" index="2" bw="2" slack="0"/>
<pin id="322" dir="1" index="3" bw="2" slack="0"/>
</pin_list>
<bind>
<opcode="getelementptr(29) " fcode="getelementptr"/>
<opset="e_in_real_V_13_addr/2 "/>
</bind>
</comp>

<comp id="325" class="1004" name="e_in_real_V_14_addr_gep_fu_325">
<pin_list>
<pin id="326" dir="0" index="0" bw="32" slack="0"/>
<pin id="327" dir="0" index="1" bw="1" slack="0"/>
<pin id="328" dir="0" index="2" bw="2" slack="0"/>
<pin id="329" dir="1" index="3" bw="2" slack="0"/>
</pin_list>
<bind>
<opcode="getelementptr(29) " fcode="getelementptr"/>
<opset="e_in_real_V_14_addr/2 "/>
</bind>
</comp>

<comp id="332" class="1004" name="e_in_imag_V_11_addr_gep_fu_332">
<pin_list>
<pin id="333" dir="0" index="0" bw="32" slack="0"/>
<pin id="334" dir="0" index="1" bw="1" slack="0"/>
<pin id="335" dir="0" index="2" bw="2" slack="0"/>
<pin id="336" dir="1" index="3" bw="2" slack="0"/>
</pin_list>
<bind>
<opcode="getelementptr(29) " fcode="getelementptr"/>
<opset="e_in_imag_V_11_addr/2 "/>
</bind>
</comp>

<comp id="339" class="1004" name="e_in_imag_V_12_addr_gep_fu_339">
<pin_list>
<pin id="340" dir="0" index="0" bw="32" slack="0"/>
<pin id="341" dir="0" index="1" bw="1" slack="0"/>
<pin id="342" dir="0" index="2" bw="2" slack="0"/>
<pin id="343" dir="1" index="3" bw="2" slack="0"/>
</pin_list>
<bind>
<opcode="getelementptr(29) " fcode="getelementptr"/>
<opset="e_in_imag_V_12_addr/2 "/>
</bind>
</comp>

<comp id="346" class="1004" name="e_in_imag_V_13_addr_gep_fu_346">
<pin_list>
<pin id="347" dir="0" index="0" bw="32" slack="0"/>
<pin id="348" dir="0" index="1" bw="1" slack="0"/>
<pin id="349" dir="0" index="2" bw="2" slack="0"/>
<pin id="350" dir="1" index="3" bw="2" slack="0"/>
</pin_list>
<bind>
<opcode="getelementptr(29) " fcode="getelementptr"/>
<opset="e_in_imag_V_13_addr/2 "/>
</bind>
</comp>

<comp id="353" class="1004" name="e_in_imag_V_14_addr_gep_fu_353">
<pin_list>
<pin id="354" dir="0" index="0" bw="32" slack="0"/>
<pin id="355" dir="0" index="1" bw="1" slack="0"/>
<pin id="356" dir="0" index="2" bw="2" slack="0"/>
<pin id="357" dir="1" index="3" bw="2" slack="0"/>
</pin_list>
<bind>
<opcode="getelementptr(29) " fcode="getelementptr"/>
<opset="e_in_imag_V_14_addr/2 "/>
</bind>
</comp>

<comp id="360" class="1004" name="store_ln217_access_fu_360">
<pin_list>
<pin id="361" dir="0" index="0" bw="2" slack="0"/>
<pin id="362" dir="0" index="1" bw="32" slack="0"/>
<pin id="363" dir="0" index="2" bw="0" slack="2147483647"/>
<pin id="364" dir="1" index="3" bw="32" slack="2147483647"/>
</pin_list>
<bind>
<opcode="store(28) " fcode="store"/>
<opset="store_ln217/2 "/>
</bind>
</comp>

<comp id="366" class="1004" name="store_ln217_access_fu_366">
<pin_list>
<pin id="367" dir="0" index="0" bw="2" slack="0"/>
<pin id="368" dir="0" index="1" bw="32" slack="0"/>
<pin id="369" dir="0" index="2" bw="0" slack="2147483647"/>
<pin id="370" dir="1" index="3" bw="32" slack="2147483647"/>
</pin_list>
<bind>
<opcode="store(28) " fcode="store"/>
<opset="store_ln217/2 "/>
</bind>
</comp>

<comp id="372" class="1004" name="store_ln217_access_fu_372">
<pin_list>
<pin id="373" dir="0" index="0" bw="2" slack="0"/>
<pin id="374" dir="0" index="1" bw="32" slack="0"/>
<pin id="375" dir="0" index="2" bw="0" slack="2147483647"/>
<pin id="376" dir="1" index="3" bw="32" slack="2147483647"/>
</pin_list>
<bind>
<opcode="store(28) " fcode="store"/>
<opset="store_ln217/2 "/>
</bind>
</comp>

<comp id="378" class="1004" name="store_ln217_access_fu_378">
<pin_list>
<pin id="379" dir="0" index="0" bw="2" slack="0"/>
<pin id="380" dir="0" index="1" bw="32" slack="0"/>
<pin id="381" dir="0" index="2" bw="0" slack="2147483647"/>
<pin id="382" dir="1" index="3" bw="32" slack="2147483647"/>
</pin_list>
<bind>
<opcode="store(28) " fcode="store"/>
<opset="store_ln217/2 "/>
</bind>
</comp>

<comp id="384" class="1004" name="store_ln217_access_fu_384">
<pin_list>
<pin id="385" dir="0" index="0" bw="2" slack="0"/>
<pin id="386" dir="0" index="1" bw="32" slack="0"/>
<pin id="387" dir="0" index="2" bw="0" slack="2147483647"/>
<pin id="388" dir="1" index="3" bw="32" slack="2147483647"/>
</pin_list>
<bind>
<opcode="store(28) " fcode="store"/>
<opset="store_ln217/2 "/>
</bind>
</comp>

<comp id="390" class="1004" name="store_ln217_access_fu_390">
<pin_list>
<pin id="391" dir="0" index="0" bw="2" slack="0"/>
<pin id="392" dir="0" index="1" bw="32" slack="0"/>
<pin id="393" dir="0" index="2" bw="0" slack="2147483647"/>
<pin id="394" dir="1" index="3" bw="32" slack="2147483647"/>
</pin_list>
<bind>
<opcode="store(28) " fcode="store"/>
<opset="store_ln217/2 "/>
</bind>
</comp>

<comp id="396" class="1004" name="store_ln217_access_fu_396">
<pin_list>
<pin id="397" dir="0" index="0" bw="2" slack="0"/>
<pin id="398" dir="0" index="1" bw="32" slack="0"/>
<pin id="399" dir="0" index="2" bw="0" slack="2147483647"/>
<pin id="400" dir="1" index="3" bw="32" slack="2147483647"/>
</pin_list>
<bind>
<opcode="store(28) " fcode="store"/>
<opset="store_ln217/2 "/>
</bind>
</comp>

<comp id="402" class="1004" name="store_ln217_access_fu_402">
<pin_list>
<pin id="403" dir="0" index="0" bw="2" slack="0"/>
<pin id="404" dir="0" index="1" bw="32" slack="0"/>
<pin id="405" dir="0" index="2" bw="0" slack="2147483647"/>
<pin id="406" dir="1" index="3" bw="32" slack="2147483647"/>
</pin_list>
<bind>
<opcode="store(28) " fcode="store"/>
<opset="store_ln217/2 "/>
</bind>
</comp>

<comp id="408" class="1004" name="store_ln0_store_fu_408">
<pin_list>
<pin id="409" dir="0" index="0" bw="1" slack="0"/>
<pin id="410" dir="0" index="1" bw="5" slack="0"/>
<pin id="411" dir="1" index="2" bw="0" slack="2147483647"/>
</pin_list>
<bind>
<opcode="store(28) " fcode="store"/>
<opset="store_ln0/1 "/>
</bind>
</comp>

<comp id="413" class="1004" name="i_4_load_fu_413">
<pin_list>
<pin id="414" dir="0" index="0" bw="5" slack="0"/>
<pin id="415" dir="1" index="1" bw="5" slack="0"/>
</pin_list>
<bind>
<opcode="load(27) " fcode="load"/>
<opset="i_4/1 "/>
</bind>
</comp>

<comp id="416" class="1004" name="icmp_ln215_fu_416">
<pin_list>
<pin id="417" dir="0" index="0" bw="5" slack="0"/>
<pin id="418" dir="0" index="1" bw="5" slack="0"/>
<pin id="419" dir="1" index="2" bw="1" slack="2147483647"/>
</pin_list>
<bind>
<opcode="icmp(45) " fcode="icmp"/>
<opset="icmp_ln215/1 "/>
</bind>
</comp>

<comp id="422" class="1004" name="add_ln215_fu_422">
<pin_list>
<pin id="423" dir="0" index="0" bw="5" slack="0"/>
<pin id="424" dir="0" index="1" bw="1" slack="0"/>
<pin id="425" dir="1" index="2" bw="5" slack="0"/>
</pin_list>
<bind>
<opcode="add(8) " fcode="add"/>
<opset="add_ln215/1 "/>
</bind>
</comp>

<comp id="428" class="1004" name="trunc_ln217_fu_428">
<pin_list>
<pin id="429" dir="0" index="0" bw="5" slack="0"/>
<pin id="430" dir="1" index="1" bw="1" slack="0"/>
</pin_list>
<bind>
<opcode="trunc(33) " fcode="trunc"/>
<opset="trunc_ln217/1 "/>
</bind>
</comp>

<comp id="432" class="1004" name="shl_ln_fu_432">
<pin_list>
<pin id="433" dir="0" index="0" bw="2" slack="0"/>
<pin id="434" dir="0" index="1" bw="1" slack="0"/>
<pin id="435" dir="0" index="2" bw="1" slack="0"/>
<pin id="436" dir="1" index="3" bw="2" slack="0"/>
</pin_list>
<bind>
<opcode="bitconcatenate(1004) " fcode="bitconcatenate"/>
<opset="shl_ln/1 "/>
</bind>
</comp>

<comp id="440" class="1004" name="zext_ln217_fu_440">
<pin_list>
<pin id="441" dir="0" index="0" bw="2" slack="0"/>
<pin id="442" dir="1" index="1" bw="64" slack="0"/>
</pin_list>
<bind>
<opcode="zext(34) " fcode="zext"/>
<opset="zext_ln217/1 "/>
</bind>
</comp>

<comp id="460" class="1004" name="trunc_ln217_1_fu_460">
<pin_list>
<pin id="461" dir="0" index="0" bw="2" slack="0"/>
<pin id="462" dir="0" index="1" bw="5" slack="0"/>
<pin id="463" dir="0" index="2" bw="3" slack="0"/>
<pin id="464" dir="0" index="3" bw="3" slack="0"/>
<pin id="465" dir="1" index="4" bw="2" slack="1"/>
</pin_list>
<bind>
<opcode="partselect(1002) " fcode="partselect"/>
<opset="trunc_ln217_1/1 "/>
</bind>
</comp>

<comp id="470" class="1004" name="store_ln215_store_fu_470">
<pin_list>
<pin id="471" dir="0" index="0" bw="5" slack="0"/>
<pin id="472" dir="0" index="1" bw="5" slack="0"/>
<pin id="473" dir="1" index="2" bw="0" slack="2147483647"/>
</pin_list>
<bind>
<opcode="store(28) " fcode="store"/>
<opset="store_ln215/1 "/>
</bind>
</comp>

<comp id="475" class="1004" name="trunc_ln215_fu_475">
<pin_list>
<pin id="476" dir="0" index="0" bw="5" slack="1"/>
<pin id="477" dir="1" index="1" bw="2" slack="0"/>
</pin_list>
<bind>
<opcode="trunc(33) " fcode="trunc"/>
<opset="trunc_ln215/2 "/>
</bind>
</comp>

<comp id="478" class="1004" name="zext_ln217_1_fu_478">
<pin_list>
<pin id="479" dir="0" index="0" bw="2" slack="0"/>
<pin id="480" dir="1" index="1" bw="64" slack="0"/>
</pin_list>
<bind>
<opcode="zext(34) " fcode="zext"/>
<opset="zext_ln217_1/2 "/>
</bind>
</comp>

<comp id="490" class="1004" name="trunc_ln_fu_490">
<pin_list>
<pin id="491" dir="0" index="0" bw="3" slack="0"/>
<pin id="492" dir="0" index="1" bw="5" slack="1"/>
<pin id="493" dir="0" index="2" bw="1" slack="0"/>
<pin id="494" dir="0" index="3" bw="3" slack="0"/>
<pin id="495" dir="1" index="4" bw="3" slack="0"/>
</pin_list>
<bind>
<opcode="partselect(1002) " fcode="partselect"/>
<opset="trunc_ln/2 "/>
</bind>
</comp>

<comp id="499" class="1004" name="tmp_fu_499">
<pin_list>
<pin id="500" dir="0" index="0" bw="32" slack="0"/>
<pin id="501" dir="0" index="1" bw="32" slack="0"/>
<pin id="502" dir="0" index="2" bw="32" slack="0"/>
<pin id="503" dir="0" index="3" bw="32" slack="0"/>
<pin id="504" dir="0" index="4" bw="32" slack="0"/>
<pin id="505" dir="0" index="5" bw="32" slack="0"/>
<pin id="506" dir="0" index="6" bw="32" slack="0"/>
<pin id="507" dir="0" index="7" bw="32" slack="0"/>
<pin id="508" dir="0" index="8" bw="32" slack="0"/>
<pin id="509" dir="0" index="9" bw="3" slack="0"/>
<pin id="510" dir="1" index="10" bw="32" slack="0"/>
</pin_list>
<bind>
<opcode="mux(1196) " fcode="mux"/>
<opset="tmp/2 "/>
</bind>
</comp>

<comp id="525" class="1004" name="tmp_s_fu_525">
<pin_list>
<pin id="526" dir="0" index="0" bw="32" slack="0"/>
<pin id="527" dir="0" index="1" bw="32" slack="0"/>
<pin id="528" dir="0" index="2" bw="32" slack="0"/>
<pin id="529" dir="0" index="3" bw="32" slack="0"/>
<pin id="530" dir="0" index="4" bw="32" slack="0"/>
<pin id="531" dir="0" index="5" bw="32" slack="0"/>
<pin id="532" dir="0" index="6" bw="32" slack="0"/>
<pin id="533" dir="0" index="7" bw="32" slack="0"/>
<pin id="534" dir="0" index="8" bw="32" slack="0"/>
<pin id="535" dir="0" index="9" bw="3" slack="0"/>
<pin id="536" dir="1" index="10" bw="32" slack="0"/>
</pin_list>
<bind>
<opcode="mux(1196) " fcode="mux"/>
<opset="tmp_s/2 "/>
</bind>
</comp>

<comp id="551" class="1005" name="i_reg_551">
<pin_list>
<pin id="552" dir="0" index="0" bw="5" slack="0"/>
<pin id="553" dir="1" index="1" bw="5" slack="0"/>
</pin_list>
<bind>
<opset="i "/>
</bind>
</comp>

<comp id="558" class="1005" name="i_4_reg_558">
<pin_list>
<pin id="559" dir="0" index="0" bw="5" slack="1"/>
<pin id="560" dir="1" index="1" bw="5" slack="1"/>
</pin_list>
<bind>
<opset="i_4 "/>
</bind>
</comp>

<comp id="567" class="1005" name="in_real_0_addr_reg_567">
<pin_list>
<pin id="568" dir="0" index="0" bw="2" slack="1"/>
<pin id="569" dir="1" index="1" bw="2" slack="1"/>
</pin_list>
<bind>
<opset="in_real_0_addr "/>
</bind>
</comp>

<comp id="572" class="1005" name="in_real_1_addr_reg_572">
<pin_list>
<pin id="573" dir="0" index="0" bw="2" slack="1"/>
<pin id="574" dir="1" index="1" bw="2" slack="1"/>
</pin_list>
<bind>
<opset="in_real_1_addr "/>
</bind>
</comp>

<comp id="577" class="1005" name="in_real_2_addr_reg_577">
<pin_list>
<pin id="578" dir="0" index="0" bw="2" slack="1"/>
<pin id="579" dir="1" index="1" bw="2" slack="1"/>
</pin_list>
<bind>
<opset="in_real_2_addr "/>
</bind>
</comp>

<comp id="582" class="1005" name="in_real_3_addr_reg_582">
<pin_list>
<pin id="583" dir="0" index="0" bw="2" slack="1"/>
<pin id="584" dir="1" index="1" bw="2" slack="1"/>
</pin_list>
<bind>
<opset="in_real_3_addr "/>
</bind>
</comp>

<comp id="587" class="1005" name="in_real_4_addr_reg_587">
<pin_list>
<pin id="588" dir="0" index="0" bw="2" slack="1"/>
<pin id="589" dir="1" index="1" bw="2" slack="1"/>
</pin_list>
<bind>
<opset="in_real_4_addr "/>
</bind>
</comp>

<comp id="592" class="1005" name="in_real_5_addr_reg_592">
<pin_list>
<pin id="593" dir="0" index="0" bw="2" slack="1"/>
<pin id="594" dir="1" index="1" bw="2" slack="1"/>
</pin_list>
<bind>
<opset="in_real_5_addr "/>
</bind>
</comp>

<comp id="597" class="1005" name="in_real_6_addr_reg_597">
<pin_list>
<pin id="598" dir="0" index="0" bw="2" slack="1"/>
<pin id="599" dir="1" index="1" bw="2" slack="1"/>
</pin_list>
<bind>
<opset="in_real_6_addr "/>
</bind>
</comp>

<comp id="602" class="1005" name="in_real_7_addr_reg_602">
<pin_list>
<pin id="603" dir="0" index="0" bw="2" slack="1"/>
<pin id="604" dir="1" index="1" bw="2" slack="1"/>
</pin_list>
<bind>
<opset="in_real_7_addr "/>
</bind>
</comp>

<comp id="607" class="1005" name="in_imag_0_addr_reg_607">
<pin_list>
<pin id="608" dir="0" index="0" bw="2" slack="1"/>
<pin id="609" dir="1" index="1" bw="2" slack="1"/>
</pin_list>
<bind>
<opset="in_imag_0_addr "/>
</bind>
</comp>

<comp id="612" class="1005" name="in_imag_1_addr_reg_612">
<pin_list>
<pin id="613" dir="0" index="0" bw="2" slack="1"/>
<pin id="614" dir="1" index="1" bw="2" slack="1"/>
</pin_list>
<bind>
<opset="in_imag_1_addr "/>
</bind>
</comp>

<comp id="617" class="1005" name="in_imag_2_addr_reg_617">
<pin_list>
<pin id="618" dir="0" index="0" bw="2" slack="1"/>
<pin id="619" dir="1" index="1" bw="2" slack="1"/>
</pin_list>
<bind>
<opset="in_imag_2_addr "/>
</bind>
</comp>

<comp id="622" class="1005" name="in_imag_3_addr_reg_622">
<pin_list>
<pin id="623" dir="0" index="0" bw="2" slack="1"/>
<pin id="624" dir="1" index="1" bw="2" slack="1"/>
</pin_list>
<bind>
<opset="in_imag_3_addr "/>
</bind>
</comp>

<comp id="627" class="1005" name="in_imag_4_addr_reg_627">
<pin_list>
<pin id="628" dir="0" index="0" bw="2" slack="1"/>
<pin id="629" dir="1" index="1" bw="2" slack="1"/>
</pin_list>
<bind>
<opset="in_imag_4_addr "/>
</bind>
</comp>

<comp id="632" class="1005" name="in_imag_5_addr_reg_632">
<pin_list>
<pin id="633" dir="0" index="0" bw="2" slack="1"/>
<pin id="634" dir="1" index="1" bw="2" slack="1"/>
</pin_list>
<bind>
<opset="in_imag_5_addr "/>
</bind>
</comp>

<comp id="637" class="1005" name="in_imag_6_addr_reg_637">
<pin_list>
<pin id="638" dir="0" index="0" bw="2" slack="1"/>
<pin id="639" dir="1" index="1" bw="2" slack="1"/>
</pin_list>
<bind>
<opset="in_imag_6_addr "/>
</bind>
</comp>

<comp id="642" class="1005" name="in_imag_7_addr_reg_642">
<pin_list>
<pin id="643" dir="0" index="0" bw="2" slack="1"/>
<pin id="644" dir="1" index="1" bw="2" slack="1"/>
</pin_list>
<bind>
<opset="in_imag_7_addr "/>
</bind>
</comp>

<comp id="647" class="1005" name="trunc_ln217_1_reg_647">
<pin_list>
<pin id="648" dir="0" index="0" bw="2" slack="1"/>
<pin id="649" dir="1" index="1" bw="2" slack="2147483647"/>
</pin_list>
<bind>
<opset="trunc_ln217_1 "/>
</bind>
</comp>

</comp_list>

<net_list>
<net id="95"><net_src comp="48" pin="0"/><net_sink comp="92" pin=0"/></net>

<net id="101"><net_src comp="16" pin="0"/><net_sink comp="96" pin=0"/></net>

<net id="102"><net_src comp="64" pin="0"/><net_sink comp="96" pin=1"/></net>

<net id="108"><net_src comp="18" pin="0"/><net_sink comp="103" pin=0"/></net>

<net id="109"><net_src comp="64" pin="0"/><net_sink comp="103" pin=1"/></net>

<net id="115"><net_src comp="20" pin="0"/><net_sink comp="110" pin=0"/></net>

<net id="116"><net_src comp="64" pin="0"/><net_sink comp="110" pin=1"/></net>

<net id="122"><net_src comp="22" pin="0"/><net_sink comp="117" pin=0"/></net>

<net id="123"><net_src comp="64" pin="0"/><net_sink comp="117" pin=1"/></net>

<net id="129"><net_src comp="24" pin="0"/><net_sink comp="124" pin=0"/></net>

<net id="130"><net_src comp="64" pin="0"/><net_sink comp="124" pin=1"/></net>

<net id="136"><net_src comp="26" pin="0"/><net_sink comp="131" pin=0"/></net>

<net id="137"><net_src comp="64" pin="0"/><net_sink comp="131" pin=1"/></net>

<net id="143"><net_src comp="28" pin="0"/><net_sink comp="138" pin=0"/></net>

<net id="144"><net_src comp="64" pin="0"/><net_sink comp="138" pin=1"/></net>

<net id="150"><net_src comp="30" pin="0"/><net_sink comp="145" pin=0"/></net>

<net id="151"><net_src comp="64" pin="0"/><net_sink comp="145" pin=1"/></net>

<net id="157"><net_src comp="32" pin="0"/><net_sink comp="152" pin=0"/></net>

<net id="158"><net_src comp="64" pin="0"/><net_sink comp="152" pin=1"/></net>

<net id="164"><net_src comp="34" pin="0"/><net_sink comp="159" pin=0"/></net>

<net id="165"><net_src comp="64" pin="0"/><net_sink comp="159" pin=1"/></net>

<net id="171"><net_src comp="36" pin="0"/><net_sink comp="166" pin=0"/></net>

<net id="172"><net_src comp="64" pin="0"/><net_sink comp="166" pin=1"/></net>

<net id="178"><net_src comp="38" pin="0"/><net_sink comp="173" pin=0"/></net>

<net id="179"><net_src comp="64" pin="0"/><net_sink comp="173" pin=1"/></net>

<net id="185"><net_src comp="40" pin="0"/><net_sink comp="180" pin=0"/></net>

<net id="186"><net_src comp="64" pin="0"/><net_sink comp="180" pin=1"/></net>

<net id="192"><net_src comp="42" pin="0"/><net_sink comp="187" pin=0"/></net>

<net id="193"><net_src comp="64" pin="0"/><net_sink comp="187" pin=1"/></net>

<net id="199"><net_src comp="44" pin="0"/><net_sink comp="194" pin=0"/></net>

<net id="200"><net_src comp="64" pin="0"/><net_sink comp="194" pin=1"/></net>

<net id="206"><net_src comp="46" pin="0"/><net_sink comp="201" pin=0"/></net>

<net id="207"><net_src comp="64" pin="0"/><net_sink comp="201" pin=1"/></net>

<net id="213"><net_src comp="96" pin="3"/><net_sink comp="208" pin=0"/></net>

<net id="219"><net_src comp="103" pin="3"/><net_sink comp="214" pin=0"/></net>

<net id="225"><net_src comp="110" pin="3"/><net_sink comp="220" pin=0"/></net>

<net id="231"><net_src comp="117" pin="3"/><net_sink comp="226" pin=0"/></net>

<net id="237"><net_src comp="124" pin="3"/><net_sink comp="232" pin=0"/></net>

<net id="243"><net_src comp="131" pin="3"/><net_sink comp="238" pin=0"/></net>

<net id="249"><net_src comp="138" pin="3"/><net_sink comp="244" pin=0"/></net>

<net id="255"><net_src comp="145" pin="3"/><net_sink comp="250" pin=0"/></net>

<net id="261"><net_src comp="152" pin="3"/><net_sink comp="256" pin=0"/></net>

<net id="267"><net_src comp="159" pin="3"/><net_sink comp="262" pin=0"/></net>

<net id="273"><net_src comp="166" pin="3"/><net_sink comp="268" pin=0"/></net>

<net id="279"><net_src comp="173" pin="3"/><net_sink comp="274" pin=0"/></net>

<net id="285"><net_src comp="180" pin="3"/><net_sink comp="280" pin=0"/></net>

<net id="291"><net_src comp="187" pin="3"/><net_sink comp="286" pin=0"/></net>

<net id="297"><net_src comp="194" pin="3"/><net_sink comp="292" pin=0"/></net>

<net id="303"><net_src comp="201" pin="3"/><net_sink comp="298" pin=0"/></net>

<net id="309"><net_src comp="14" pin="0"/><net_sink comp="304" pin=0"/></net>

<net id="310"><net_src comp="64" pin="0"/><net_sink comp="304" pin=1"/></net>

<net id="316"><net_src comp="12" pin="0"/><net_sink comp="311" pin=0"/></net>

<net id="317"><net_src comp="64" pin="0"/><net_sink comp="311" pin=1"/></net>

<net id="323"><net_src comp="10" pin="0"/><net_sink comp="318" pin=0"/></net>

<net id="324"><net_src comp="64" pin="0"/><net_sink comp="318" pin=1"/></net>

<net id="330"><net_src comp="8" pin="0"/><net_sink comp="325" pin=0"/></net>

<net id="331"><net_src comp="64" pin="0"/><net_sink comp="325" pin=1"/></net>

<net id="337"><net_src comp="6" pin="0"/><net_sink comp="332" pin=0"/></net>

<net id="338"><net_src comp="64" pin="0"/><net_sink comp="332" pin=1"/></net>

<net id="344"><net_src comp="4" pin="0"/><net_sink comp="339" pin=0"/></net>

<net id="345"><net_src comp="64" pin="0"/><net_sink comp="339" pin=1"/></net>

<net id="351"><net_src comp="2" pin="0"/><net_sink comp="346" pin=0"/></net>

<net id="352"><net_src comp="64" pin="0"/><net_sink comp="346" pin=1"/></net>

<net id="358"><net_src comp="0" pin="0"/><net_sink comp="353" pin=0"/></net>

<net id="359"><net_src comp="64" pin="0"/><net_sink comp="353" pin=1"/></net>

<net id="365"><net_src comp="318" pin="3"/><net_sink comp="360" pin=0"/></net>

<net id="371"><net_src comp="346" pin="3"/><net_sink comp="366" pin=0"/></net>

<net id="377"><net_src comp="311" pin="3"/><net_sink comp="372" pin=0"/></net>

<net id="383"><net_src comp="339" pin="3"/><net_sink comp="378" pin=0"/></net>

<net id="389"><net_src comp="304" pin="3"/><net_sink comp="384" pin=0"/></net>

<net id="395"><net_src comp="332" pin="3"/><net_sink comp="390" pin=0"/></net>

<net id="401"><net_src comp="325" pin="3"/><net_sink comp="396" pin=0"/></net>

<net id="407"><net_src comp="353" pin="3"/><net_sink comp="402" pin=0"/></net>

<net id="412"><net_src comp="50" pin="0"/><net_sink comp="408" pin=0"/></net>

<net id="420"><net_src comp="413" pin="1"/><net_sink comp="416" pin=0"/></net>

<net id="421"><net_src comp="52" pin="0"/><net_sink comp="416" pin=1"/></net>

<net id="426"><net_src comp="413" pin="1"/><net_sink comp="422" pin=0"/></net>

<net id="427"><net_src comp="58" pin="0"/><net_sink comp="422" pin=1"/></net>

<net id="431"><net_src comp="413" pin="1"/><net_sink comp="428" pin=0"/></net>

<net id="437"><net_src comp="60" pin="0"/><net_sink comp="432" pin=0"/></net>

<net id="438"><net_src comp="428" pin="1"/><net_sink comp="432" pin=1"/></net>

<net id="439"><net_src comp="62" pin="0"/><net_sink comp="432" pin=2"/></net>

<net id="443"><net_src comp="432" pin="3"/><net_sink comp="440" pin=0"/></net>

<net id="444"><net_src comp="440" pin="1"/><net_sink comp="96" pin=2"/></net>

<net id="445"><net_src comp="440" pin="1"/><net_sink comp="103" pin=2"/></net>

<net id="446"><net_src comp="440" pin="1"/><net_sink comp="110" pin=2"/></net>

<net id="447"><net_src comp="440" pin="1"/><net_sink comp="117" pin=2"/></net>

<net id="448"><net_src comp="440" pin="1"/><net_sink comp="124" pin=2"/></net>

<net id="449"><net_src comp="440" pin="1"/><net_sink comp="131" pin=2"/></net>

<net id="450"><net_src comp="440" pin="1"/><net_sink comp="138" pin=2"/></net>

<net id="451"><net_src comp="440" pin="1"/><net_sink comp="145" pin=2"/></net>

<net id="452"><net_src comp="440" pin="1"/><net_sink comp="152" pin=2"/></net>

<net id="453"><net_src comp="440" pin="1"/><net_sink comp="159" pin=2"/></net>

<net id="454"><net_src comp="440" pin="1"/><net_sink comp="166" pin=2"/></net>

<net id="455"><net_src comp="440" pin="1"/><net_sink comp="173" pin=2"/></net>

<net id="456"><net_src comp="440" pin="1"/><net_sink comp="180" pin=2"/></net>

<net id="457"><net_src comp="440" pin="1"/><net_sink comp="187" pin=2"/></net>

<net id="458"><net_src comp="440" pin="1"/><net_sink comp="194" pin=2"/></net>

<net id="459"><net_src comp="440" pin="1"/><net_sink comp="201" pin=2"/></net>

<net id="466"><net_src comp="66" pin="0"/><net_sink comp="460" pin=0"/></net>

<net id="467"><net_src comp="413" pin="1"/><net_sink comp="460" pin=1"/></net>

<net id="468"><net_src comp="68" pin="0"/><net_sink comp="460" pin=2"/></net>

<net id="469"><net_src comp="70" pin="0"/><net_sink comp="460" pin=3"/></net>

<net id="474"><net_src comp="422" pin="2"/><net_sink comp="470" pin=0"/></net>

<net id="481"><net_src comp="475" pin="1"/><net_sink comp="478" pin=0"/></net>

<net id="482"><net_src comp="478" pin="1"/><net_sink comp="304" pin=2"/></net>

<net id="483"><net_src comp="478" pin="1"/><net_sink comp="311" pin=2"/></net>

<net id="484"><net_src comp="478" pin="1"/><net_sink comp="318" pin=2"/></net>

<net id="485"><net_src comp="478" pin="1"/><net_sink comp="325" pin=2"/></net>

<net id="486"><net_src comp="478" pin="1"/><net_sink comp="332" pin=2"/></net>

<net id="487"><net_src comp="478" pin="1"/><net_sink comp="339" pin=2"/></net>

<net id="488"><net_src comp="478" pin="1"/><net_sink comp="346" pin=2"/></net>

<net id="489"><net_src comp="478" pin="1"/><net_sink comp="353" pin=2"/></net>

<net id="496"><net_src comp="88" pin="0"/><net_sink comp="490" pin=0"/></net>

<net id="497"><net_src comp="48" pin="0"/><net_sink comp="490" pin=2"/></net>

<net id="498"><net_src comp="70" pin="0"/><net_sink comp="490" pin=3"/></net>

<net id="511"><net_src comp="90" pin="0"/><net_sink comp="499" pin=0"/></net>

<net id="512"><net_src comp="208" pin="3"/><net_sink comp="499" pin=1"/></net>

<net id="513"><net_src comp="214" pin="3"/><net_sink comp="499" pin=2"/></net>

<net id="514"><net_src comp="220" pin="3"/><net_sink comp="499" pin=3"/></net>

<net id="515"><net_src comp="226" pin="3"/><net_sink comp="499" pin=4"/></net>

<net id="516"><net_src comp="232" pin="3"/><net_sink comp="499" pin=5"/></net>

<net id="517"><net_src comp="238" pin="3"/><net_sink comp="499" pin=6"/></net>

<net id="518"><net_src comp="244" pin="3"/><net_sink comp="499" pin=7"/></net>

<net id="519"><net_src comp="250" pin="3"/><net_sink comp="499" pin=8"/></net>

<net id="520"><net_src comp="490" pin="4"/><net_sink comp="499" pin=9"/></net>

<net id="521"><net_src comp="499" pin="10"/><net_sink comp="360" pin=1"/></net>

<net id="522"><net_src comp="499" pin="10"/><net_sink comp="372" pin=1"/></net>

<net id="523"><net_src comp="499" pin="10"/><net_sink comp="384" pin=1"/></net>

<net id="524"><net_src comp="499" pin="10"/><net_sink comp="396" pin=1"/></net>

<net id="537"><net_src comp="90" pin="0"/><net_sink comp="525" pin=0"/></net>

<net id="538"><net_src comp="256" pin="3"/><net_sink comp="525" pin=1"/></net>

<net id="539"><net_src comp="262" pin="3"/><net_sink comp="525" pin=2"/></net>

<net id="540"><net_src comp="268" pin="3"/><net_sink comp="525" pin=3"/></net>

<net id="541"><net_src comp="274" pin="3"/><net_sink comp="525" pin=4"/></net>

<net id="542"><net_src comp="280" pin="3"/><net_sink comp="525" pin=5"/></net>

<net id="543"><net_src comp="286" pin="3"/><net_sink comp="525" pin=6"/></net>

<net id="544"><net_src comp="292" pin="3"/><net_sink comp="525" pin=7"/></net>

<net id="545"><net_src comp="298" pin="3"/><net_sink comp="525" pin=8"/></net>

<net id="546"><net_src comp="490" pin="4"/><net_sink comp="525" pin=9"/></net>

<net id="547"><net_src comp="525" pin="10"/><net_sink comp="366" pin=1"/></net>

<net id="548"><net_src comp="525" pin="10"/><net_sink comp="378" pin=1"/></net>

<net id="549"><net_src comp="525" pin="10"/><net_sink comp="390" pin=1"/></net>

<net id="550"><net_src comp="525" pin="10"/><net_sink comp="402" pin=1"/></net>

<net id="554"><net_src comp="92" pin="1"/><net_sink comp="551" pin=0"/></net>

<net id="555"><net_src comp="551" pin="1"/><net_sink comp="408" pin=1"/></net>

<net id="556"><net_src comp="551" pin="1"/><net_sink comp="413" pin=0"/></net>

<net id="557"><net_src comp="551" pin="1"/><net_sink comp="470" pin=1"/></net>

<net id="561"><net_src comp="413" pin="1"/><net_sink comp="558" pin=0"/></net>

<net id="562"><net_src comp="558" pin="1"/><net_sink comp="475" pin=0"/></net>

<net id="563"><net_src comp="558" pin="1"/><net_sink comp="490" pin=1"/></net>

<net id="570"><net_src comp="96" pin="3"/><net_sink comp="567" pin=0"/></net>

<net id="571"><net_src comp="567" pin="1"/><net_sink comp="208" pin=0"/></net>

<net id="575"><net_src comp="103" pin="3"/><net_sink comp="572" pin=0"/></net>

<net id="576"><net_src comp="572" pin="1"/><net_sink comp="214" pin=0"/></net>

<net id="580"><net_src comp="110" pin="3"/><net_sink comp="577" pin=0"/></net>

<net id="581"><net_src comp="577" pin="1"/><net_sink comp="220" pin=0"/></net>

<net id="585"><net_src comp="117" pin="3"/><net_sink comp="582" pin=0"/></net>

<net id="586"><net_src comp="582" pin="1"/><net_sink comp="226" pin=0"/></net>

<net id="590"><net_src comp="124" pin="3"/><net_sink comp="587" pin=0"/></net>

<net id="591"><net_src comp="587" pin="1"/><net_sink comp="232" pin=0"/></net>

<net id="595"><net_src comp="131" pin="3"/><net_sink comp="592" pin=0"/></net>

<net id="596"><net_src comp="592" pin="1"/><net_sink comp="238" pin=0"/></net>

<net id="600"><net_src comp="138" pin="3"/><net_sink comp="597" pin=0"/></net>

<net id="601"><net_src comp="597" pin="1"/><net_sink comp="244" pin=0"/></net>

<net id="605"><net_src comp="145" pin="3"/><net_sink comp="602" pin=0"/></net>

<net id="606"><net_src comp="602" pin="1"/><net_sink comp="250" pin=0"/></net>

<net id="610"><net_src comp="152" pin="3"/><net_sink comp="607" pin=0"/></net>

<net id="611"><net_src comp="607" pin="1"/><net_sink comp="256" pin=0"/></net>

<net id="615"><net_src comp="159" pin="3"/><net_sink comp="612" pin=0"/></net>

<net id="616"><net_src comp="612" pin="1"/><net_sink comp="262" pin=0"/></net>

<net id="620"><net_src comp="166" pin="3"/><net_sink comp="617" pin=0"/></net>

<net id="621"><net_src comp="617" pin="1"/><net_sink comp="268" pin=0"/></net>

<net id="625"><net_src comp="173" pin="3"/><net_sink comp="622" pin=0"/></net>

<net id="626"><net_src comp="622" pin="1"/><net_sink comp="274" pin=0"/></net>

<net id="630"><net_src comp="180" pin="3"/><net_sink comp="627" pin=0"/></net>

<net id="631"><net_src comp="627" pin="1"/><net_sink comp="280" pin=0"/></net>

<net id="635"><net_src comp="187" pin="3"/><net_sink comp="632" pin=0"/></net>

<net id="636"><net_src comp="632" pin="1"/><net_sink comp="286" pin=0"/></net>

<net id="640"><net_src comp="194" pin="3"/><net_sink comp="637" pin=0"/></net>

<net id="641"><net_src comp="637" pin="1"/><net_sink comp="292" pin=0"/></net>

<net id="645"><net_src comp="201" pin="3"/><net_sink comp="642" pin=0"/></net>

<net id="646"><net_src comp="642" pin="1"/><net_sink comp="298" pin=0"/></net>

<net id="650"><net_src comp="460" pin="4"/><net_sink comp="647" pin=0"/></net>

</net_list>

</model> 
---------------- Datapath Model END ------------------

* FSMD analyzer results:
  - Output states:
	Port: e_in_imag_V_14 | {2 }
	Port: e_in_imag_V_13 | {2 }
	Port: e_in_imag_V_12 | {2 }
	Port: e_in_imag_V_11 | {2 }
	Port: e_in_real_V_14 | {2 }
	Port: e_in_real_V_13 | {2 }
	Port: e_in_real_V_12 | {2 }
	Port: e_in_real_V_11 | {2 }
 - Input state : 
	Port: fft_32pt_Pipeline_VITIS_LOOP_215_1 : in_real_0 | {1 2 }
	Port: fft_32pt_Pipeline_VITIS_LOOP_215_1 : in_real_1 | {1 2 }
	Port: fft_32pt_Pipeline_VITIS_LOOP_215_1 : in_real_2 | {1 2 }
	Port: fft_32pt_Pipeline_VITIS_LOOP_215_1 : in_real_3 | {1 2 }
	Port: fft_32pt_Pipeline_VITIS_LOOP_215_1 : in_real_4 | {1 2 }
	Port: fft_32pt_Pipeline_VITIS_LOOP_215_1 : in_real_5 | {1 2 }
	Port: fft_32pt_Pipeline_VITIS_LOOP_215_1 : in_real_6 | {1 2 }
	Port: fft_32pt_Pipeline_VITIS_LOOP_215_1 : in_real_7 | {1 2 }
	Port: fft_32pt_Pipeline_VITIS_LOOP_215_1 : in_imag_0 | {1 2 }
	Port: fft_32pt_Pipeline_VITIS_LOOP_215_1 : in_imag_1 | {1 2 }
	Port: fft_32pt_Pipeline_VITIS_LOOP_215_1 : in_imag_2 | {1 2 }
	Port: fft_32pt_Pipeline_VITIS_LOOP_215_1 : in_imag_3 | {1 2 }
	Port: fft_32pt_Pipeline_VITIS_LOOP_215_1 : in_imag_4 | {1 2 }
	Port: fft_32pt_Pipeline_VITIS_LOOP_215_1 : in_imag_5 | {1 2 }
	Port: fft_32pt_Pipeline_VITIS_LOOP_215_1 : in_imag_6 | {1 2 }
	Port: fft_32pt_Pipeline_VITIS_LOOP_215_1 : in_imag_7 | {1 2 }
  - Chain level:
	State 1
		store_ln0 : 1
		i_4 : 1
		icmp_ln215 : 2
		add_ln215 : 2
		br_ln215 : 3
		trunc_ln217 : 2
		shl_ln : 3
		zext_ln217 : 4
		in_real_0_addr : 5
		in_real_1_addr : 5
		in_real_2_addr : 5
		in_real_3_addr : 5
		in_real_4_addr : 5
		in_real_5_addr : 5
		in_real_6_addr : 5
		in_real_7_addr : 5
		in_imag_0_addr : 5
		in_imag_1_addr : 5
		in_imag_2_addr : 5
		in_imag_3_addr : 5
		in_imag_4_addr : 5
		in_imag_5_addr : 5
		in_imag_6_addr : 5
		in_imag_7_addr : 5
		in_real_0_load : 6
		in_real_1_load : 6
		in_real_2_load : 6
		in_real_3_load : 6
		in_real_4_load : 6
		in_real_5_load : 6
		in_real_6_load : 6
		in_real_7_load : 6
		in_imag_0_load : 6
		in_imag_1_load : 6
		in_imag_2_load : 6
		in_imag_3_load : 6
		in_imag_4_load : 6
		in_imag_5_load : 6
		in_imag_6_load : 6
		in_imag_7_load : 6
		trunc_ln217_1 : 2
		switch_ln217 : 3
		store_ln215 : 3
	State 2
		zext_ln217_1 : 1
		e_in_real_V_11_addr : 2
		e_in_real_V_12_addr : 2
		e_in_real_V_13_addr : 2
		e_in_real_V_14_addr : 2
		e_in_imag_V_11_addr : 2
		e_in_imag_V_12_addr : 2
		e_in_imag_V_13_addr : 2
		e_in_imag_V_14_addr : 2
		tmp : 1
		tmp_s : 1
		store_ln217 : 3
		store_ln217 : 3
		store_ln217 : 3
		store_ln217 : 3
		store_ln217 : 3
		store_ln217 : 3
		store_ln217 : 3
		store_ln217 : 3


============================================================
+ Verbose Summary: Datapath Resource usage 
============================================================

* Functional unit list:
|----------|----------------------|---------|---------|
| Operation|    Functional Unit   |    FF   |   LUT   |
|----------|----------------------|---------|---------|
|    mux   |      tmp_fu_499      |    0    |    42   |
|          |     tmp_s_fu_525     |    0    |    42   |
|----------|----------------------|---------|---------|
|    add   |   add_ln215_fu_422   |    0    |    13   |
|----------|----------------------|---------|---------|
|   icmp   |   icmp_ln215_fu_416  |    0    |    9    |
|----------|----------------------|---------|---------|
|   trunc  |  trunc_ln217_fu_428  |    0    |    0    |
|          |  trunc_ln215_fu_475  |    0    |    0    |
|----------|----------------------|---------|---------|
|bitconcatenate|     shl_ln_fu_432    |    0    |    0    |
|----------|----------------------|---------|---------|
|   zext   |   zext_ln217_fu_440  |    0    |    0    |
|          |  zext_ln217_1_fu_478 |    0    |    0    |
|----------|----------------------|---------|---------|
|partselect| trunc_ln217_1_fu_460 |    0    |    0    |
|          |    trunc_ln_fu_490   |    0    |    0    |
|----------|----------------------|---------|---------|
|   Total  |                      |    0    |   106   |
|----------|----------------------|---------|---------|

Memories:
N/A

* Register list:
+----------------------+--------+
|                      |   FF   |
+----------------------+--------+
|      i_4_reg_558     |    5   |
|       i_reg_551      |    5   |
|in_imag_0_addr_reg_607|    2   |
|in_imag_1_addr_reg_612|    2   |
|in_imag_2_addr_reg_617|    2   |
|in_imag_3_addr_reg_622|    2   |
|in_imag_4_addr_reg_627|    2   |
|in_imag_5_addr_reg_632|    2   |
|in_imag_6_addr_reg_637|    2   |
|in_imag_7_addr_reg_642|    2   |
|in_real_0_addr_reg_567|    2   |
|in_real_1_addr_reg_572|    2   |
|in_real_2_addr_reg_577|    2   |
|in_real_3_addr_reg_582|    2   |
|in_real_4_addr_reg_587|    2   |
|in_real_5_addr_reg_592|    2   |
|in_real_6_addr_reg_597|    2   |
|in_real_7_addr_reg_602|    2   |
| trunc_ln217_1_reg_647|    2   |
+----------------------+--------+
|         Total        |   44   |
+----------------------+--------+

* Multiplexer (MUX) list: 
|-------------------|------|------|------|--------||---------||---------|
|        Comp       |  Pin | Size |  BW  | S x BW ||  Delay  ||   LUT   |
|-------------------|------|------|------|--------||---------||---------|
| grp_access_fu_208 |  p0  |   2  |   2  |    4   ||    9    |
| grp_access_fu_214 |  p0  |   2  |   2  |    4   ||    9    |
| grp_access_fu_220 |  p0  |   2  |   2  |    4   ||    9    |
| grp_access_fu_226 |  p0  |   2  |   2  |    4   ||    9    |
| grp_access_fu_232 |  p0  |   2  |   2  |    4   ||    9    |
| grp_access_fu_238 |  p0  |   2  |   2  |    4   ||    9    |
| grp_access_fu_244 |  p0  |   2  |   2  |    4   ||    9    |
| grp_access_fu_250 |  p0  |   2  |   2  |    4   ||    9    |
| grp_access_fu_256 |  p0  |   2  |   2  |    4   ||    9    |
| grp_access_fu_262 |  p0  |   2  |   2  |    4   ||    9    |
| grp_access_fu_268 |  p0  |   2  |   2  |    4   ||    9    |
| grp_access_fu_274 |  p0  |   2  |   2  |    4   ||    9    |
| grp_access_fu_280 |  p0  |   2  |   2  |    4   ||    9    |
| grp_access_fu_286 |  p0  |   2  |   2  |    4   ||    9    |
| grp_access_fu_292 |  p0  |   2  |   2  |    4   ||    9    |
| grp_access_fu_298 |  p0  |   2  |   2  |    4   ||    9    |
|-------------------|------|------|------|--------||---------||---------|
|       Total       |      |      |      |   64   ||  25.408 ||   144   |
|-------------------|------|------|------|--------||---------||---------|



* Summary:
+-----------+--------+--------+--------+
|           |  Delay |   FF   |   LUT  |
+-----------+--------+--------+--------+
|  Function |    -   |    0   |   106  |
|   Memory  |    -   |    -   |    -   |
|Multiplexer|   25   |    -   |   144  |
|  Register |    -   |   44   |    -   |
+-----------+--------+--------+--------+
|   Total   |   25   |   44   |   250  |
+-----------+--------+--------+--------+
